#
# There is insufficient memory for the Java Runtime Environment to continue.
# Native memory allocation (malloc) failed to allocate 1048576 bytes for AllocateHeap
# Possible reasons:
#   The system is out of physical RAM or swap space
#   In 32 bit mode, the process size limit was hit
# Possible solutions:
#   Reduce memory load on the system
#   Increase physical memory or swap space
#   Check if swap backing store is full
#   Use 64 bit Java on a 64 bit OS
#   Decrease Java heap size (-Xmx/-Xms)
#   Decrease number of Java threads
#   Decrease Java thread stack sizes (-Xss)
#   Set larger code cache with -XX:ReservedCodeCacheSize=
# This output file may be truncated or incomplete.
#
#  Out of Memory Error (memory/allocation.inline.hpp:61), pid=2400, tid=2456
#
# JRE version:  (8.0_77-b03) (build )
# Java VM: Java HotSpot(TM) 64-Bit Server VM (25.77-b03 mixed mode windows-amd64 compressed oops)
# Failed to write core dump. Minidumps are not enabled by default on client versions of Windows
#

---------------  T H R E A D  ---------------

Current thread (0x0000000002cf0800):  JavaThread "Unknown thread" [_thread_in_vm, id=2456, stack(0x0000000002b20000,0x0000000002c20000)]

Stack: [0x0000000002b20000,0x0000000002c20000]
[error occurred during error reporting (printing stack bounds), id 0xc0000005]

Native frames: (J=compiled Java code, j=interpreted, Vv=VM code, C=native code)


---------------  P R O C E S S  ---------------

Java Threads: ( => current thread )

Other Threads:

=>0x0000000002cf0800 (exited) JavaThread "Unknown thread" [_thread_in_vm, id=2456, stack(0x0000000002b20000,0x0000000002c20000)]

VM state:not at safepoint (normal execution)

VM Mutex/Monitor currently owned by a thread: None

Heap:
 PSYoungGen      total 38400K, used 665K [0x00000000eab00000, 0x00000000ed580000, 0x0000000100000000)
  eden space 33280K, 2% used [0x00000000eab00000,0x00000000eaba6670,0x00000000ecb80000)
  from space 5120K, 0% used [0x00000000ed080000,0x00000000ed080000,0x00000000ed580000)
  to   space 5120K, 0% used [0x00000000ecb80000,0x00000000ecb80000,0x00000000ed080000)
 ParOldGen       total 87552K, used 0K [0x00000000c0000000, 0x00000000c5580000, 0x00000000eab00000)
  object space 87552K, 0% used [0x00000000c0000000,0x00000000c0000000,0x00000000c5580000)
 Metaspace       used 769K, capacity 4480K, committed 4480K, reserved 1056768K
  class space    used 75K, capacity 384K, committed 384K, reserved 1048576K

Card table byte_map: [0x00000000121b0000,0x00000000123c0000] byte_map_base: 0x0000000011bb0000

Marking Bits: (ParMarkBitMap*) 0x0000000061c60600
 Begin Bits: [0x0000000012d20000, 0x0000000013d20000)
 End Bits:   [0x0000000013d20000, 0x0000000014d20000)

Polling page: 0x0000000001320000

CodeCache: size=245760Kb used=328Kb max_used=328Kb free=245431Kb
 bounds [0x0000000002df0000, 0x0000000003060000, 0x0000000011df0000]
 total_blobs=58 nmethods=0 adapters=38
 compilation: enabled

Compilation events (0 events):
No events

GC Heap History (0 events):
No events

Deoptimization events (0 events):
No events

Internal exceptions (0 events):
No events

Events (10 events):
Event: 0.155 loading class java/lang/Short
Event: 0.155 loading class java/lang/Short done
Event: 0.155 loading class java/lang/Integer
Event: 0.155 loading class java/lang/Integer done
Event: 0.155 loading class java/lang/Long
Event: 0.155 loading class java/lang/Long done
Event: 0.157 loading class java/lang/NullPointerException
Event: 0.157 loading class java/lang/NullPointerException done
Event: 0.157 loading class java/lang/ArithmeticException
Event: 0.157 loading class java/lang/ArithmeticException done


Dynamic libraries:
0x00007ff7ede00000 - 0x00007ff7ede37000 	C:\Program Files\Java\jdk1.8.0_77\bin\java.exe
0x00007ffb64510000 - 0x00007ffb646d1000 	C:\Windows\SYSTEM32\ntdll.dll
0x00007ffb641a0000 - 0x00007ffb6424d000 	C:\Windows\system32\KERNEL32.DLL
0x00007ffb60f00000 - 0x00007ffb610e8000 	C:\Windows\system32\KERNELBASE.dll
0x00007ffb62890000 - 0x00007ffb62937000 	C:\Windows\system32\ADVAPI32.dll
0x00007ffb62580000 - 0x00007ffb6261d000 	C:\Windows\system32\msvcrt.dll
0x00007ffb61ad0000 - 0x00007ffb61b2b000 	C:\Windows\system32\sechost.dll
0x00007ffb64010000 - 0x00007ffb6412c000 	C:\Windows\system32\RPCRT4.dll
0x00007ffb63ea0000 - 0x00007ffb63ff6000 	C:\Windows\system32\USER32.dll
0x00007ffb622a0000 - 0x00007ffb62426000 	C:\Windows\system32\GDI32.dll
0x00007ffb5a1f0000 - 0x00007ffb5a464000 	C:\Windows\WinSxS\amd64_microsoft.windows.common-controls_6595b64144ccf1df_6.0.10586.494_none_a2d8b04ea53e3145\COMCTL32.dll
0x00007ffb61fd0000 - 0x00007ffb6224d000 	C:\Windows\system32\combase.dll
0x00007ffb60c90000 - 0x00007ffb60cfa000 	C:\Windows\system32\bcryptPrimitives.dll
0x00007ffb62250000 - 0x00007ffb6228b000 	C:\Windows\system32\IMM32.DLL
0x0000000060e20000 - 0x0000000060ef2000 	C:\Program Files\Java\jdk1.8.0_77\jre\bin\msvcr100.dll
0x0000000061450000 - 0x0000000061ce0000 	C:\Program Files\Java\jdk1.8.0_77\jre\bin\server\jvm.dll
0x00007ffb62290000 - 0x00007ffb62298000 	C:\Windows\system32\PSAPI.DLL
0x00007ffb51840000 - 0x00007ffb51849000 	C:\Windows\SYSTEM32\WSOCK32.dll
0x00007ffb64130000 - 0x00007ffb6419b000 	C:\Windows\system32\WS2_32.dll
0x00007ffb5ef00000 - 0x00007ffb5ef23000 	C:\Windows\SYSTEM32\WINMM.dll
0x00007ffb5b8a0000 - 0x00007ffb5b8aa000 	C:\Windows\SYSTEM32\VERSION.dll
0x00007ffb5eb00000 - 0x00007ffb5eb2c000 	C:\Windows\SYSTEM32\WINMMBASE.dll
0x00007ffb60e50000 - 0x00007ffb60e93000 	C:\Windows\system32\cfgmgr32.dll
0x0000000061360000 - 0x000000006136f000 	C:\Program Files\Java\jdk1.8.0_77\jre\bin\verify.dll
0x0000000061330000 - 0x0000000061359000 	C:\Program Files\Java\jdk1.8.0_77\jre\bin\java.dll
0x0000000061310000 - 0x0000000061326000 	C:\Program Files\Java\jdk1.8.0_77\jre\bin\zip.dll

VM Arguments:
jvm_args: -Djava.awt.headless=true -Xmx1024M -Dfile.encoding=windows-1252 -Duser.country=US -Duser.language=en -Duser.variant 
java_command: com.android.dx.command.Main --dex --num-threads=4 --output C:\Users\Mike\AndroidStudioProjects\MyApplication\app\build\intermediates\pre-dexed\debug\internal_impl-24.2.0_832bb19ce157f791855335759989546ff7be9653.jar C:\Users\Mike\AndroidStudioProjects\MyApplication\app\build\intermediates\exploded-aar\com.android.support\support-core-utils\24.2.0\jars\libs\internal_impl-24.2.0.jar
java_class_path (initial): C:\Users\Mike\AppData\Local\Android\sdk\build-tools\24.0.2\lib\dx.jar
Launcher Type: SUN_STANDARD

Environment Variables:
PATH=C:\ProgramData\Oracle\Java\javapath;C:\Windows\system32;C:\Windows;C:\Windows\System32\Wbem;C:\Windows\System32\WindowsPowerShell\v1.0\;C:\Program Files (x86)\NVIDIA Corporation\PhysX\Common;C:\Program Files\Intel\WiFi\bin\;C:\Program Files\Common Files\Intel\WirelessCommon\;C:\Program Files\Git\cmd;C:\Program Files\nodejs\;C:\Windows\system32\config\systemprofile\.dnx\bin;C:\Program Files\Microsoft DNX\Dnvm\;C:\Program Files\Microsoft SQL Server\120\Tools\Binn\;C:\Program Files\Microsoft SQL Server\130\Tools\Binn\;C:\Program Files (x86)\Skype\Phone\;C:\Users\Mike\.dnx\bin;C:\Program Files\Intel\WiFi\bin\;C:\Program Files\Common Files\Intel\WirelessCommon\;C:\Users\Mike\AppData\Roaming\npm;C:\Users\Mike\AppData\Local\.meteor\
USERNAME=Mike
OS=Windows_NT
PROCESSOR_IDENTIFIER=Intel64 Family 6 Model 94 Stepping 3, GenuineIntel



---------------  S Y S T E M  ---------------

OS: Windows 10.0 , 64 bit Build 10586 (10.0.10586.0)

CPU:total 8 (4 cores per cpu, 2 threads per core) family 6 model 94 stepping 3, cmov, cx8, fxsr, mmx, sse, sse2, sse3, ssse3, sse4.1, sse4.2, popcnt, avx, avx2, aes, clmul, erms, rtm, 3dnowpref, lzcnt, ht, tsc, tscinvbit, bmi1, bmi2, adx

Memory: 4k page, physical 8271544k(1688588k free), swap 9320120k(5132k free)

vm_info: Java HotSpot(TM) 64-Bit Server VM (25.77-b03) for windows-amd64 JRE (1.8.0_77-b03), built on Mar 20 2016 22:01:33 by "java_re" with MS VC++ 10.0 (VS2010)

time: Thu Sep 01 12:27:15 2016
elapsed time: 0 seconds (0d 0h 0m 0s)

