#
# A fatal error has been detected by the Java Runtime Environment:
#
#  EXCEPTION_STACK_OVERFLOW (0xc00000fd) at pc=0x0000000061661c17, pid=7064, tid=10860
#
# JRE version:  (8.0_77-b03) (build )
# Java VM: Java HotSpot(TM) 64-Bit Server VM (25.77-b03 mixed mode windows-amd64 compressed oops)
# Problematic frame:
# V  [jvm.dll+0x211c17]
#
# Failed to write core dump. Minidumps are not enabled by default on client versions of Windows
#
# If you would like to submit a bug report, please visit:
#   http://bugreport.java.com/bugreport/crash.jsp
#

---------------  T H R E A D  ---------------

Current thread (0x00000000171b0800):  JavaThread "Finalizer" daemon [_thread_in_vm, id=10860, stack(0x0000000017590000,0x0000000017690000)]

siginfo: ExceptionCode=0xc00000fd, ExceptionInformation=0x0000000000000001 0x000000001768b620 

Registers:
RAX=0x000000001768b620, RBX=0x0000000000000005, RCX=0x0000000000004000, RDX=0x0000000000000006
RSP=0x000000001768f620, RBP=0x0000000000000000, RSI=0x000000001768f620, RDI=0x0000000000000005
R8 =0x0000000000000006, R9 =0x00000000152ca4b0, R10=0x00000000149d4c08, R11=0x000000001759a160
R12=0x00000000152ca4b0, R13=0x00000000171b0800, R14=0x000000001768f6e8, R15=0x00000000149d4c08
RIP=0x0000000061661c17, EFLAGS=0x0000000000010202

Top of Stack: (sp=0x000000001768f620)
0x000000001768f620:   00010000152d37c0 0000000000000000
0x000000001768f630:   00000000171b0800 00000000152ca4b0
0x000000001768f640:   00000000ffffffff 0000000061662b47
0x000000001768f650:   000000001768f750 00000000149d4c08
0x000000001768f660:   00000000171b0800 000000006150f7a3
0x000000001768f670:   000000001768f6b0 00000000171b0800
0x000000001768f680:   000000001768f740 00000000171b0800
0x000000001768f690:   00000000149d4c08 00000000171b0800
0x000000001768f6a0:   00000000027a10e0 00000000171b0800
0x000000001768f6b0:   00000000149d4c08 00000000171b0800
0x000000001768f6c0:   000000001490d3f8 00000000171b0800
0x000000001768f6d0:   0000000000000001 00000000149d4c08
0x000000001768f6e0:   00000000171b0800 0000000002787ba0
0x000000001768f6f0:   00000000171b0800 0000000061510c8d
0x000000001768f700:   000000001768fa08 00000001000069a0
0x000000001768f710:   000000010001d0c0 0000000000000000 

Instructions: (pc=0x0000000061661c17)
0x0000000061661bf7:   48 89 6c 24 30 33 ed 66 90 e8 4b 36 08 00 ff c3
0x0000000061661c07:   48 63 c8 48 8b c6 48 0f af cf 48 ff c7 48 2b c1
0x0000000061661c17:   89 28 48 63 c3 48 3b 05 6d aa 58 00 7e db 48 8b
0x0000000061661c27:   6c 24 30 48 8b 5c 24 38 48 8b 74 24 40 48 83 c4 


Register to memory mapping:

RAX=0x000000001768b620 is pointing into the stack for thread: 0x00000000171b0800
RBX=0x0000000000000005 is an unknown value
RCX=0x0000000000004000 is an unknown value
RDX=0x0000000000000006 is an unknown value
RSP=0x000000001768f620 is pointing into the stack for thread: 0x00000000171b0800
RBP=0x0000000000000000 is an unknown value
RSI=0x000000001768f620 is pointing into the stack for thread: 0x00000000171b0800
RDI=0x0000000000000005 is an unknown value
R8 =0x0000000000000006 is an unknown value
R9 =0x00000000152ca4b0 is an unknown value
R10={method} {0x00000000149d4c10} 'run' '()V' in 'java/lang/ref/Finalizer$FinalizerThread'
R11=0x000000001759a160 is pointing into the stack for thread: 0x00000000171b0800
R12=0x00000000152ca4b0 is an unknown value
R13=0x00000000171b0800 is a thread
R14=0x000000001768f6e8 is pointing into the stack for thread: 0x00000000171b0800
R15={method} {0x00000000149d4c10} 'run' '()V' in 'java/lang/ref/Finalizer$FinalizerThread'


Stack: [0x0000000017590000,0x0000000017690000],  sp=0x000000001768f620,  free space=1021k
Native frames: (J=compiled Java code, j=interpreted, Vv=VM code, C=native code)


---------------  P R O C E S S  ---------------

Java Threads: ( => current thread )
=>0x00000000171b0800 JavaThread "Finalizer" daemon [_thread_in_vm, id=10860, stack(0x0000000017590000,0x0000000017690000)]
  0x0000000002786000 JavaThread "Reference Handler" daemon [_thread_blocked, id=10452, stack(0x0000000017090000,0x0000000017190000)]
  0x0000000002690800 JavaThread "main" [_thread_in_native, id=8916, stack(0x0000000002470000,0x0000000002570000)]

Other Threads:
  0x00000000152c9800 VMThread [stack: 0x0000000016f90000,0x0000000017090000] [id=10888]

VM state:not at safepoint (normal execution)

VM Mutex/Monitor currently owned by a thread: None

Heap:
 PSYoungGen      total 38400K, used 665K [0x00000000eab00000, 0x00000000ed580000, 0x0000000100000000)
  eden space 33280K, 2% used [0x00000000eab00000,0x00000000eaba6670,0x00000000ecb80000)
  from space 5120K, 0% used [0x00000000ed080000,0x00000000ed080000,0x00000000ed580000)
  to   space 5120K, 0% used [0x00000000ecb80000,0x00000000ecb80000,0x00000000ed080000)
 ParOldGen       total 87552K, used 0K [0x00000000c0000000, 0x00000000c5580000, 0x00000000eab00000)
  object space 87552K, 0% used [0x00000000c0000000,0x00000000c0000000,0x00000000c5580000)
 Metaspace       used 1096K, capacity 4480K, committed 4480K, reserved 1056768K
  class space    used 116K, capacity 384K, committed 384K, reserved 1048576K

Card table byte_map: [0x0000000011b50000,0x0000000011d60000] byte_map_base: 0x0000000011550000

Marking Bits: (ParMarkBitMap*) 0x0000000061c60600
 Begin Bits: [0x00000000126c0000, 0x00000000136c0000)
 End Bits:   [0x00000000136c0000, 0x00000000146c0000)

Polling page: 0x00000000023f0000

CodeCache: size=245760Kb used=404Kb max_used=404Kb free=245355Kb
 bounds [0x0000000002790000, 0x0000000002a00000, 0x0000000011790000]
 total_blobs=103 nmethods=0 adapters=77
 compilation: enabled

Compilation events (0 events):
No events

GC Heap History (0 events):
No events

Deoptimization events (0 events):
No events

Internal exceptions (2 events):
Event: 0.040 Thread 0x0000000002690800 Exception <a 'java/lang/NoSuchMethodError': Method sun.misc.Unsafe.defineClass(Ljava/lang/String;[BII)Ljava/lang/Class; name or signature does not match> (0x00000000eab07cc0) thrown at [D:\re\workspace\8-2-build-windows-amd64-cygwin\jdk8u77\6540\hotspot\sr—€S¦ÂE¤?
Event: 0.040 Thread 0x0000000002690800 Exception <a 'java/lang/NoSuchMethodError': Method sun.misc.Unsafe.prefetchRead(Ljava/lang/Object;J)V name or signature does not match> (0x00000000eab07fa8) thrown at [D:\re\workspace\8-2-build-windows-amd64-cygwin\jdk8u77\6540\hotspot\src\share\vm\prims\j

Events (10 events):
Event: 0.045 loading class java/util/HashMap$Node done
Event: 0.045 loading class sun/misc/VM
Event: 0.045 loading class sun/misc/VM done
Event: 0.046 loading class java/util/Hashtable$Entry
Event: 0.046 loading class java/util/Hashtable$Entry done
Event: 0.046 loading class java/lang/Math
Event: 0.046 loading class java/lang/Math done
Event: 0.048 loading class java/lang/ref/Finalizer$FinalizerThread
Event: 0.048 loading class java/lang/ref/Finalizer$FinalizerThread done
Event: 0.048 Thread 0x00000000171b0800 Thread added: 0x00000000171b0800


Dynamic libraries:
0x00007ff7ede00000 - 0x00007ff7ede37000 	C:\Program Files\Java\jdk1.8.0_77\bin\java.exe
0x00007ffb64510000 - 0x00007ffb646d1000 	C:\Windows\SYSTEM32\ntdll.dll
0x00007ffb641a0000 - 0x00007ffb6424d000 	C:\Windows\system32\KERNEL32.DLL
0x00007ffb60f00000 - 0x00007ffb610e8000 	C:\Windows\system32\KERNELBASE.dll
0x00007ffb62890000 - 0x00007ffb62937000 	C:\Windows\system32\ADVAPI32.dll
0x00007ffb62580000 - 0x00007ffb6261d000 	C:\Windows\system32\msvcrt.dll
0x00007ffb61ad0000 - 0x00007ffb61b2b000 	C:\Windows\system32\sechost.dll
0x00007ffb64010000 - 0x00007ffb6412c000 	C:\Windows\system32\RPCRT4.dll
0x00007ffb63ea0000 - 0x00007ffb63ff6000 	C:\Windows\system32\USER32.dll
0x00007ffb622a0000 - 0x00007ffb62426000 	C:\Windows\system32\GDI32.dll
0x00007ffb5a1f0000 - 0x00007ffb5a464000 	C:\Windows\WinSxS\amd64_microsoft.windows.common-controls_6595b64144ccf1df_6.0.10586.494_none_a2d8b04ea53e3145\COMCTL32.dll
0x00007ffb61fd0000 - 0x00007ffb6224d000 	C:\Windows\system32\combase.dll
0x00007ffb60c90000 - 0x00007ffb60cfa000 	C:\Windows\system32\bcryptPrimitives.dll
0x00007ffb62250000 - 0x00007ffb6228b000 	C:\Windows\system32\IMM32.DLL
0x0000000060e20000 - 0x0000000060ef2000 	C:\Program Files\Java\jdk1.8.0_77\jre\bin\msvcr100.dll
0x0000000061450000 - 0x0000000061ce0000 	C:\Program Files\Java\jdk1.8.0_77\jre\bin\server\jvm.dll
0x00007ffb62290000 - 0x00007ffb62298000 	C:\Windows\system32\PSAPI.DLL
0x00007ffb51840000 - 0x00007ffb51849000 	C:\Windows\SYSTEM32\WSOCK32.dll
0x00007ffb64130000 - 0x00007ffb6419b000 	C:\Windows\system32\WS2_32.dll
0x00007ffb5ef00000 - 0x00007ffb5ef23000 	C:\Windows\SYSTEM32\WINMM.dll
0x00007ffb5b8a0000 - 0x00007ffb5b8aa000 	C:\Windows\SYSTEM32\VERSION.dll
0x00007ffb5eb00000 - 0x00007ffb5eb2c000 	C:\Windows\SYSTEM32\WINMMBASE.dll
0x00007ffb60e50000 - 0x00007ffb60e93000 	C:\Windows\system32\cfgmgr32.dll
0x0000000061360000 - 0x000000006136f000 	C:\Program Files\Java\jdk1.8.0_77\jre\bin\verify.dll
0x0000000061330000 - 0x0000000061359000 	C:\Program Files\Java\jdk1.8.0_77\jre\bin\java.dll
0x0000000061310000 - 0x0000000061326000 	C:\Program Files\Java\jdk1.8.0_77\jre\bin\zip.dll

VM Arguments:
jvm_args: -Djava.awt.headless=true -Xmx1024M -Dfile.encoding=windows-1252 -Duser.country=US -Duser.language=en -Duser.variant 
java_command: com.android.dx.command.Main --dex --num-threads=4 --output C:\Users\Mike\AndroidStudioProjects\MyApplication\app\build\intermediates\pre-dexed\debug\com.android.support-support-vector-drawable-24.2.0_a65ec902bb3f8490f3616a56ab9d0d8c3d4b2217.jar C:\Users\Mike\AndroidStudioProjects\MyApplication\app\build\intermediates\exploded-aar\com.android.support\support-vector-drawable\24.2.0\jars\classes.jar
java_class_path (initial): C:\Users\Mike\AppData\Local\Android\sdk\build-tools\24.0.2\lib\dx.jar
Launcher Type: SUN_STANDARD

Environment Variables:
PATH=C:\ProgramData\Oracle\Java\javapath;C:\Windows\system32;C:\Windows;C:\Windows\System32\Wbem;C:\Windows\System32\WindowsPowerShell\v1.0\;C:\Program Files (x86)\NVIDIA Corporation\PhysX\Common;C:\Program Files\Intel\WiFi\bin\;C:\Program Files\Common Files\Intel\WirelessCommon\;C:\Program Files\Git\cmd;C:\Program Files\nodejs\;C:\Windows\system32\config\systemprofile\.dnx\bin;C:\Program Files\Microsoft DNX\Dnvm\;C:\Program Files\Microsoft SQL Server\120\Tools\Binn\;C:\Program Files\Microsoft SQL Server\130\Tools\Binn\;C:\Program Files (x86)\Skype\Phone\;C:\Users\Mike\.dnx\bin;C:\Program Files\Intel\WiFi\bin\;C:\Program Files\Common Files\Intel\WirelessCommon\;C:\Users\Mike\AppData\Roaming\npm;C:\Users\Mike\AppData\Local\.meteor\
USERNAME=Mike
OS=Windows_NT
PROCESSOR_IDENTIFIER=Intel64 Family 6 Model 94 Stepping 3, GenuineIntel



---------------  S Y S T E M  ---------------

OS: Windows 10.0 , 64 bit Build 10586 (10.0.10586.0)

CPU:total 8 (4 cores per cpu, 2 threads per core) family 6 model 94 stepping 3, cmov, cx8, fxsr, mmx, sse, sse2, sse3, ssse3, sse4.1, sse4.2, popcnt, avx, avx2, aes, clmul, erms, rtm, 3dnowpref, lzcnt, ht, tsc, tscinvbit, bmi1, bmi2, adx

Memory: 4k page, physical 8271544k(1688704k free), swap 9320120k(5120k free)

vm_info: Java HotSpot(TM) 64-Bit Server VM (25.77-b03) for windows-amd64 JRE (1.8.0_77-b03), built on Mar 20 2016 22:01:33 by "java_re" with MS VC++ 10.0 (VS2010)

time: Thu Sep 01 12:27:15 2016
elapsed time: 0 seconds (0d 0h 0m 0s)

