#
# There is insufficient memory for the Java Runtime Environment to continue.
# Native memory allocation (malloc) failed to allocate 32744 bytes for ChunkPool::allocate
# Possible reasons:
#   The system is out of physical RAM or swap space
#   In 32 bit mode, the process size limit was hit
# Possible solutions:
#   Reduce memory load on the system
#   Increase physical memory or swap space
#   Check if swap backing store is full
#   Use 64 bit Java on a 64 bit OS
#   Decrease Java heap size (-Xmx/-Xms)
#   Decrease number of Java threads
#   Decrease Java thread stack sizes (-Xss)
#   Set larger code cache with -XX:ReservedCodeCacheSize=
# This output file may be truncated or incomplete.
#
#  Out of Memory Error (allocation.cpp:273), pid=9584, tid=0x0000000000001958
#
# JRE version: Java(TM) SE Runtime Environment (8.0_101-b13) (build 1.8.0_101-b13)
# Java VM: Java HotSpot(TM) 64-Bit Server VM (25.101-b13 mixed mode windows-amd64 compressed oops)
# Failed to write core dump. Minidumps are not enabled by default on client versions of Windows
#

---------------  T H R E A D  ---------------

Current thread (0x0000000017348000):  JavaThread "C2 CompilerThread0" daemon [_thread_in_native, id=6488, stack(0x0000000017b00000,0x0000000017c00000)]

Stack: [0x0000000017b00000,0x0000000017c00000]
[error occurred during error reporting (printing stack bounds), id 0xc0000005]

Native frames: (J=compiled Java code, j=interpreted, Vv=VM code, C=native code)


Current CompileTask:
C2:   1322  686       4       com.android.dx.ssa.SsaBasicBlock::forEachInsn (37 bytes)


---------------  P R O C E S S  ---------------

Java Threads: ( => current thread )
  0x000000001766c800 JavaThread "pool-2-thread-1" [_thread_blocked, id=6552, stack(0x0000000018200000,0x0000000018300000)]
  0x0000000017669800 JavaThread "pool-1-thread-1" [_thread_in_vm, id=6304, stack(0x0000000018100000,0x0000000018200000)]
  0x00000000173d8000 JavaThread "Service Thread" daemon [_thread_blocked, id=10824, stack(0x0000000017f00000,0x0000000018000000)]
  0x00000000173b8800 JavaThread "C1 CompilerThread3" daemon [_thread_in_native, id=5852, stack(0x0000000017e00000,0x0000000017f00000)]
  0x0000000017356800 JavaThread "C2 CompilerThread2" daemon [_thread_blocked, id=2460, stack(0x0000000017d00000,0x0000000017e00000)]
  0x000000001734e000 JavaThread "C2 CompilerThread1" daemon [_thread_blocked, id=10316, stack(0x0000000017c00000,0x0000000017d00000)]
=>0x0000000017348000 JavaThread "C2 CompilerThread0" daemon [_thread_in_native, id=6488, stack(0x0000000017b00000,0x0000000017c00000)]
  0x0000000017346800 JavaThread "Attach Listener" daemon [_thread_blocked, id=10372, stack(0x0000000017a00000,0x0000000017b00000)]
  0x000000001541e000 JavaThread "Signal Dispatcher" daemon [_thread_blocked, id=2464, stack(0x0000000017900000,0x0000000017a00000)]
  0x0000000017340800 JavaThread "Finalizer" daemon [_thread_blocked, id=1020, stack(0x0000000017720000,0x0000000017820000)]
  0x00000000028e6000 JavaThread "Reference Handler" daemon [_thread_blocked, id=6820, stack(0x0000000017220000,0x0000000017320000)]
  0x00000000027f0800 JavaThread "main" [_thread_blocked, id=5524, stack(0x00000000025f0000,0x00000000026f0000)]

Other Threads:
  0x0000000015409800 VMThread [stack: 0x0000000017120000,0x0000000017220000] [id=9484]
  0x00000000173db800 WatcherThread [stack: 0x0000000018000000,0x0000000018100000] [id=4200]

VM state:not at safepoint (normal execution)

VM Mutex/Monitor currently owned by a thread: None

Heap:
 PSYoungGen      total 38400K, used 13996K [0x00000000eab00000, 0x00000000ed580000, 0x0000000100000000)
  eden space 33280K, 42% used [0x00000000eab00000,0x00000000eb8ab2c8,0x00000000ecb80000)
  from space 5120K, 0% used [0x00000000ed080000,0x00000000ed080000,0x00000000ed580000)
  to   space 5120K, 0% used [0x00000000ecb80000,0x00000000ecb80000,0x00000000ed080000)
 ParOldGen       total 87552K, used 0K [0x00000000c0000000, 0x00000000c5580000, 0x00000000eab00000)
  object space 87552K, 0% used [0x00000000c0000000,0x00000000c0000000,0x00000000c5580000)
 Metaspace       used 5581K, capacity 6704K, committed 6784K, reserved 1056768K
  class space    used 588K, capacity 616K, committed 640K, reserved 1048576K

Card table byte_map: [0x0000000011cb0000,0x0000000011ec0000] byte_map_base: 0x00000000116b0000

Marking Bits: (ParMarkBitMap*) 0x0000000065e9a6d0
 Begin Bits: [0x0000000012820000, 0x0000000013820000)
 End Bits:   [0x0000000013820000, 0x0000000014820000)

Polling page: 0x00000000026f0000

CodeCache: size=245760Kb used=3058Kb max_used=3069Kb free=242701Kb
 bounds [0x00000000028f0000, 0x0000000002c00000, 0x00000000118f0000]
 total_blobs=980 nmethods=715 adapters=176
 compilation: enabled

Compilation events (10 events):
Event: 1.266 Thread 0x00000000173b8800 nmethod 712 0x0000000002bd05d0 code [0x0000000002bd0720, 0x0000000002bd0830]
Event: 1.266 Thread 0x00000000173b8800  711       1       com.android.dx.rop.code.RopMethod::getFirstLabel (5 bytes)
Event: 1.266 Thread 0x00000000173b8800 nmethod 711 0x0000000002bd0310 code [0x0000000002bd0460, 0x0000000002bd0570]
Event: 1.307 Thread 0x00000000173b8800  714       3       com.android.dx.rop.type.StdTypeList::get (9 bytes)
Event: 1.307 Thread 0x00000000173b8800 nmethod 714 0x0000000002bcfe10 code [0x0000000002bcff80, 0x0000000002bd0268]
Event: 1.307 Thread 0x00000000173b8800  715   !   3       com.android.dx.cf.code.Ropper::processBlock (1101 bytes)
Event: 1.308 Thread 0x000000001734e000  720       4       java.util.ArrayList::remove (69 bytes)
Event: 1.313 Thread 0x000000001734e000 nmethod 720 0x0000000002bea810 code [0x0000000002bea960, 0x0000000002beaaf8]
Event: 1.315 Thread 0x0000000017356800  726   !   4       com.android.dx.util.FixedSizeList::set0 (22 bytes)
Event: 1.317 Thread 0x0000000017356800 nmethod 726 0x0000000002be7a50 code [0x0000000002be7ba0, 0x0000000002be7cb8]

GC Heap History (0 events):
No events

Deoptimization events (1 events):
Event: 1.002 Thread 0x0000000017669800 Uncommon trap: reason=unstable_if action=reinterpret pc=0x0000000002ad6040 method=java.util.HashMap.getNode(ILjava/lang/Object;)Ljava/util/HashMap$Node; @ 62

Internal exceptions (2 events):
Event: 0.080 Thread 0x00000000027f0800 Exception <a 'java/lang/NoSuchMethodError': Method sun.misc.Unsafe.defineClass(Ljava/lang/String;[BII)Ljava/lang/Class; name or signature does not match> (0x00000000eab07cc0) thrown at [C:\re\workspace\8-2-build-windows-amd64-cygwin\jdk8u101\7261\hotspot\sæÈ[ob´?
Event: 0.080 Thread 0x00000000027f0800 Exception <a 'java/lang/NoSuchMethodError': Method sun.misc.Unsafe.prefetchRead(Ljava/lang/Object;J)V name or signature does not match> (0x00000000eab07fa8) thrown at [C:\re\workspace\8-2-build-windows-amd64-cygwin\jdk8u101\7261\hotspot\src\share\vm\prims\

Events (10 events):
Event: 1.003 loading class java/util/HashMap$Values
Event: 1.003 loading class java/util/HashMap$Values done
Event: 1.003 loading class java/util/HashMap$ValueIterator
Event: 1.003 loading class java/util/HashMap$ValueIterator done
Event: 1.088 loading class java/util/DualPivotQuicksort
Event: 1.092 loading class java/util/DualPivotQuicksort done
Event: 1.094 loading class com/android/dx/dex/file/MethodAnnotationStruct
Event: 1.094 loading class com/android/dx/dex/file/MethodAnnotationStruct done
Event: 1.262 loading class java/util/ArrayList$1
Event: 1.262 loading class java/util/ArrayList$1 done


Dynamic libraries:
0x00007ff6000c0000 - 0x00007ff6000f7000 	C:\Program Files\Java\jdk1.8.0_101\bin\java.exe
0x00007ffee5180000 - 0x00007ffee5341000 	C:\Windows\SYSTEM32\ntdll.dll
0x00007ffee25f0000 - 0x00007ffee269d000 	C:\Windows\system32\KERNEL32.DLL
0x00007ffee2140000 - 0x00007ffee2328000 	C:\Windows\system32\KERNELBASE.dll
0x00007ffee2e60000 - 0x00007ffee2f07000 	C:\Windows\system32\ADVAPI32.dll
0x00007ffee2f10000 - 0x00007ffee2fad000 	C:\Windows\system32\msvcrt.dll
0x00007ffee4e00000 - 0x00007ffee4e5b000 	C:\Windows\system32\sechost.dll
0x00007ffee2fb0000 - 0x00007ffee30cc000 	C:\Windows\system32\RPCRT4.dll
0x00007ffee2d00000 - 0x00007ffee2e56000 	C:\Windows\system32\USER32.dll
0x00007ffee4fe0000 - 0x00007ffee5166000 	C:\Windows\system32\GDI32.dll
0x00007ffed9f40000 - 0x00007ffeda1b4000 	C:\Windows\WinSxS\amd64_microsoft.windows.common-controls_6595b64144ccf1df_6.0.10586.589_none_a2ddb3caa539acce\COMCTL32.dll
0x00007ffee28d0000 - 0x00007ffee2b4d000 	C:\Windows\system32\combase.dll
0x00007ffee20d0000 - 0x00007ffee213a000 	C:\Windows\system32\bcryptPrimitives.dll
0x00007ffee47f0000 - 0x00007ffee482b000 	C:\Windows\system32\IMM32.DLL
0x00007ffee01d0000 - 0x00007ffee0202000 	C:\Windows\system32\nvinitx.dll
0x00007ffee01c0000 - 0x00007ffee01ca000 	C:\Windows\SYSTEM32\VERSION.dll
0x00000000653b0000 - 0x0000000065482000 	C:\Program Files\Java\jdk1.8.0_101\jre\bin\msvcr100.dll
0x0000000065680000 - 0x0000000065f1a000 	C:\Program Files\Java\jdk1.8.0_101\jre\bin\server\jvm.dll
0x00007ffee26a0000 - 0x00007ffee26a8000 	C:\Windows\system32\PSAPI.DLL
0x00007ffedfa80000 - 0x00007ffedfaa3000 	C:\Windows\SYSTEM32\WINMM.dll
0x00007ffecfa10000 - 0x00007ffecfa19000 	C:\Windows\SYSTEM32\WSOCK32.dll
0x00007ffee2860000 - 0x00007ffee28cb000 	C:\Windows\system32\WS2_32.dll
0x0000000000e50000 - 0x0000000000e7c000 	C:\Windows\SYSTEM32\WINMMBASE.dll
0x00007ffee1fd0000 - 0x00007ffee2013000 	C:\Windows\system32\cfgmgr32.dll
0x0000000065590000 - 0x000000006559f000 	C:\Program Files\Java\jdk1.8.0_101\jre\bin\verify.dll
0x0000000065560000 - 0x0000000065589000 	C:\Program Files\Java\jdk1.8.0_101\jre\bin\java.dll
0x0000000065540000 - 0x0000000065556000 	C:\Program Files\Java\jdk1.8.0_101\jre\bin\zip.dll
0x00007ffee30d0000 - 0x00007ffee462c000 	C:\Windows\system32\SHELL32.dll
0x00007ffee1830000 - 0x00007ffee1e75000 	C:\Windows\system32\windows.storage.dll
0x00007ffee4630000 - 0x00007ffee4682000 	C:\Windows\system32\shlwapi.dll
0x00007ffee17a0000 - 0x00007ffee17af000 	C:\Windows\system32\kernel.appcore.dll
0x00007ffee1e80000 - 0x00007ffee1f35000 	C:\Windows\system32\shcore.dll
0x00007ffee17d0000 - 0x00007ffee181b000 	C:\Windows\system32\powrprof.dll
0x00007ffee17b0000 - 0x00007ffee17c4000 	C:\Windows\system32\profapi.dll

VM Arguments:
jvm_args: -Djava.awt.headless=true -Xmx1024M -Dfile.encoding=windows-1252 -Duser.country=US -Duser.language=en -Duser.variant 
java_command: com.android.dx.command.Main --dex --num-threads=4 --output C:\Users\Mike\AndroidStudioProjects\MyApplication2\app\build\intermediates\pre-dexed\debug\com.android.support-animated-vector-drawable-24.2.1_e0a4c8833369d9fbfb8ff2cd452f3d96bc339047.jar C:\Users\Mike\AndroidStudioProjects\MyApplication2\app\build\intermediates\exploded-aar\com.android.support\animated-vector-drawable\24.2.1\jars\classes.jar
java_class_path (initial): C:\Users\Mike\AppData\Local\Android\sdk\build-tools\24.0.2\lib\dx.jar
Launcher Type: SUN_STANDARD

Environment Variables:
PATH=C:\ProgramData\Oracle\Java\javapath;C:\Windows\system32;C:\Windows;C:\Windows\System32\Wbem;C:\Windows\System32\WindowsPowerShell\v1.0\;C:\Program Files (x86)\NVIDIA Corporation\PhysX\Common;C:\Program Files\Intel\WiFi\bin\;C:\Program Files\Common Files\Intel\WirelessCommon\;C:\Program Files\Git\cmd;C:\Program Files\nodejs\;C:\Windows\system32\config\systemprofile\.dnx\bin;C:\Program Files\Microsoft DNX\Dnvm\;C:\Program Files\Microsoft SQL Server\120\Tools\Binn\;C:\Program Files\Microsoft SQL Server\130\Tools\Binn\;C:\Program Files (x86)\Skype\Phone\;C:\Users\Mike\.dnx\bin;C:\Program Files\Intel\WiFi\bin\;C:\Program Files\Common Files\Intel\WirelessCommon\;C:\Users\Mike\AppData\Roaming\npm;C:\Users\Mike\AppData\Local\.meteor\
USERNAME=Mike
OS=Windows_NT
PROCESSOR_IDENTIFIER=Intel64 Family 6 Model 94 Stepping 3, GenuineIntel



---------------  S Y S T E M  ---------------

OS: Windows 10.0 , 64 bit Build 10586 (10.0.10586.589)

CPU:total 8 (4 cores per cpu, 2 threads per core) family 6 model 94 stepping 3, cmov, cx8, fxsr, mmx, sse, sse2, sse3, ssse3, sse4.1, sse4.2, popcnt, avx, avx2, aes, clmul, erms, rtm, 3dnowpref, lzcnt, ht, tsc, tscinvbit, bmi1, bmi2, adx

Memory: 4k page, physical 8268708k(758200k free), swap 9317284k(22580k free)

vm_info: Java HotSpot(TM) 64-Bit Server VM (25.101-b13) for windows-amd64 JRE (1.8.0_101-b13), built on Jun 22 2016 01:21:29 by "java_re" with MS VC++ 10.0 (VS2010)

time: Thu Sep 22 13:48:15 2016
elapsed time: 1 seconds (0d 0h 0m 1s)

