#
# There is insufficient memory for the Java Runtime Environment to continue.
# Native memory allocation (malloc) failed to allocate 103312 bytes for Chunk::new
# Possible reasons:
#   The system is out of physical RAM or swap space
#   In 32 bit mode, the process size limit was hit
# Possible solutions:
#   Reduce memory load on the system
#   Increase physical memory or swap space
#   Check if swap backing store is full
#   Use 64 bit Java on a 64 bit OS
#   Decrease Java heap size (-Xmx/-Xms)
#   Decrease number of Java threads
#   Decrease Java thread stack sizes (-Xss)
#   Set larger code cache with -XX:ReservedCodeCacheSize=
# This output file may be truncated or incomplete.
#
#  Out of Memory Error (allocation.cpp:390), pid=10692, tid=0x0000000000002458
#
# JRE version: Java(TM) SE Runtime Environment (8.0_101-b13) (build 1.8.0_101-b13)
# Java VM: Java HotSpot(TM) 64-Bit Server VM (25.101-b13 mixed mode windows-amd64 compressed oops)
# Failed to write core dump. Minidumps are not enabled by default on client versions of Windows
#

---------------  T H R E A D  ---------------

Current thread (0x000000001706f000):  JavaThread "C2 CompilerThread1" daemon [_thread_in_native, id=9304, stack(0x0000000017920000,0x0000000017a20000)]

Stack: [0x0000000017920000,0x0000000017a20000]
[error occurred during error reporting (printing stack bounds), id 0xc0000005]

Native frames: (J=compiled Java code, j=interpreted, Vv=VM code, C=native code)


Current CompileTask:
C2:   1255  928       4       com.android.dx.ssa.NormalSsaInsn::accept (25 bytes)


---------------  P R O C E S S  ---------------

Java Threads: ( => current thread )
  0x000000001728e000 JavaThread "pool-1-thread-4" [_thread_blocked, id=8236, stack(0x0000000018220000,0x0000000018320000)]
  0x0000000017287800 JavaThread "pool-1-thread-3" [_thread_blocked, id=9432, stack(0x0000000018120000,0x0000000018220000)]
  0x000000001727e000 JavaThread "pool-1-thread-2" [_thread_blocked, id=5664, stack(0x0000000018020000,0x0000000018120000)]
  0x0000000017261000 JavaThread "pool-2-thread-1" [_thread_blocked, id=10244, stack(0x0000000017f20000,0x0000000018020000)]
  0x0000000017260000 JavaThread "pool-1-thread-1" [_thread_in_Java, id=10952, stack(0x0000000017e20000,0x0000000017f20000)]
  0x0000000017108000 JavaThread "Service Thread" daemon [_thread_blocked, id=3812, stack(0x0000000017c20000,0x0000000017d20000)]
  0x00000000170c1000 JavaThread "C1 CompilerThread3" daemon [_thread_in_native, id=10112, stack(0x0000000017b20000,0x0000000017c20000)]
  0x000000001707b000 JavaThread "C2 CompilerThread2" daemon [_thread_in_native, id=10268, stack(0x0000000017a20000,0x0000000017b20000)]
=>0x000000001706f000 JavaThread "C2 CompilerThread1" daemon [_thread_in_native, id=9304, stack(0x0000000017920000,0x0000000017a20000)]
  0x0000000017068000 JavaThread "C2 CompilerThread0" daemon [_thread_in_native, id=11200, stack(0x0000000017820000,0x0000000017920000)]
  0x0000000017066800 JavaThread "Attach Listener" daemon [_thread_blocked, id=2504, stack(0x0000000017720000,0x0000000017820000)]
  0x000000001517e000 JavaThread "Signal Dispatcher" daemon [_thread_blocked, id=10024, stack(0x0000000017620000,0x0000000017720000)]
  0x0000000017060800 JavaThread "Finalizer" daemon [_thread_blocked, id=1664, stack(0x0000000017440000,0x0000000017540000)]
  0x0000000002646000 JavaThread "Reference Handler" daemon [_thread_blocked, id=884, stack(0x0000000016f40000,0x0000000017040000)]
  0x0000000002550800 JavaThread "main" [_thread_blocked, id=10844, stack(0x0000000002400000,0x0000000002500000)]

Other Threads:
  0x0000000015169800 VMThread [stack: 0x0000000016e40000,0x0000000016f40000] [id=8120]
  0x000000001710b000 WatcherThread [stack: 0x0000000017d20000,0x0000000017e20000] [id=1552]

VM state:not at safepoint (normal execution)

VM Mutex/Monitor currently owned by a thread: None

Heap:
 PSYoungGen      total 38400K, used 13999K [0x00000000eab00000, 0x00000000ed580000, 0x0000000100000000)
  eden space 33280K, 42% used [0x00000000eab00000,0x00000000eb8abe98,0x00000000ecb80000)
  from space 5120K, 0% used [0x00000000ecb80000,0x00000000ecb80000,0x00000000ed080000)
  to   space 5120K, 0% used [0x00000000ed080000,0x00000000ed080000,0x00000000ed580000)
 ParOldGen       total 65536K, used 2307K [0x00000000c0000000, 0x00000000c4000000, 0x00000000eab00000)
  object space 65536K, 3% used [0x00000000c0000000,0x00000000c0240c58,0x00000000c4000000)
 Metaspace       used 5705K, capacity 6768K, committed 7040K, reserved 1058816K
  class space    used 588K, capacity 616K, committed 640K, reserved 1048576K

Card table byte_map: [0x0000000011a10000,0x0000000011c20000] byte_map_base: 0x0000000011410000

Marking Bits: (ParMarkBitMap*) 0x0000000065e9a6d0
 Begin Bits: [0x0000000012580000, 0x0000000013580000)
 End Bits:   [0x0000000013580000, 0x0000000014580000)

Polling page: 0x0000000000c70000

CodeCache: size=245760Kb used=3673Kb max_used=3673Kb free=242086Kb
 bounds [0x0000000002650000, 0x00000000029f0000, 0x0000000011650000]
 total_blobs=1186 nmethods=923 adapters=176
 compilation: enabled

Compilation events (10 events):
Event: 1.239 Thread 0x00000000170c1000 nmethod 937 0x00000000029d83d0 code [0x00000000029d8560, 0x00000000029d8948]
Event: 1.239 Thread 0x00000000170c1000  938       3       com.android.dx.cf.direct.AttributeListParser::parseIfNecessary (12 bytes)
Event: 1.239 Thread 0x00000000170c1000 nmethod 938 0x00000000029d8bd0 code [0x00000000029d8d40, 0x00000000029d8f08]
Event: 1.240 Thread 0x00000000170c1000  935       3       com.android.dx.ssa.PhiInsn::predBlockIndexForSourcesIndex (15 bytes)
Event: 1.240 Thread 0x00000000170c1000 nmethod 935 0x00000000029d8f90 code [0x00000000029d9140, 0x00000000029d9618]
Event: 1.240 Thread 0x00000000170c1000  906       3       com.android.dx.ssa.SsaRenamer$BlockRenamer::visitMoveInsn (271 bytes)
Event: 1.246 Thread 0x00000000170c1000 nmethod 906 0x00000000029d9990 code [0x00000000029d9e20, 0x00000000029dcf48]
Event: 1.246 Thread 0x00000000170c1000  940       3       com.android.dx.ssa.InterferenceRegisterMapper::addInterfence (62 bytes)
Event: 1.249 Thread 0x00000000170c1000 nmethod 940 0x00000000029df150 code [0x00000000029df420, 0x00000000029e0708]
Event: 1.249 Thread 0x00000000170c1000  939   !   3       com.android.dx.cf.direct.AttributeFactory::parse (248 bytes)

GC Heap History (4 events):
Event: 0.609 GC heap before
{Heap before GC invocations=1 (full 0):
 PSYoungGen      total 38400K, used 10045K [0x00000000eab00000, 0x00000000ed580000, 0x0000000100000000)
  eden space 33280K, 30% used [0x00000000eab00000,0x00000000eb4cf778,0x00000000ecb80000)
  from space 5120K, 0% used [0x00000000ed080000,0x00000000ed080000,0x00000000ed580000)
  to   space 5120K, 0% used [0x00000000ecb80000,0x00000000ecb80000,0x00000000ed080000)
 ParOldGen       total 87552K, used 0K [0x00000000c0000000, 0x00000000c5580000, 0x00000000eab00000)
  object space 87552K, 0% used [0x00000000c0000000,0x00000000c0000000,0x00000000c5580000)
 Metaspace       used 5027K, capacity 6160K, committed 6272K, reserved 1060864K
  class space    used 562K, capacity 584K, committed 640K, reserved 1048576K
Event: 0.617 GC heap after
Heap after GC invocations=1 (full 0):
 PSYoungGen      total 38400K, used 2495K [0x00000000eab00000, 0x00000000ed580000, 0x0000000100000000)
  eden space 33280K, 0% used [0x00000000eab00000,0x00000000eab00000,0x00000000ecb80000)
  from space 5120K, 48% used [0x00000000ecb80000,0x00000000ecdefed0,0x00000000ed080000)
  to   space 5120K, 0% used [0x00000000ed080000,0x00000000ed080000,0x00000000ed580000)
 ParOldGen       total 87552K, used 8K [0x00000000c0000000, 0x00000000c5580000, 0x00000000eab00000)
  object space 87552K, 0% used [0x00000000c0000000,0x00000000c0002000,0x00000000c5580000)
 Metaspace       used 5027K, capacity 6160K, committed 6272K, reserved 1060864K
  class space    used 562K, capacity 584K, committed 640K, reserved 1048576K
}
Event: 0.617 GC heap before
{Heap before GC invocations=2 (full 1):
 PSYoungGen      total 38400K, used 2495K [0x00000000eab00000, 0x00000000ed580000, 0x0000000100000000)
  eden space 33280K, 0% used [0x00000000eab00000,0x00000000eab00000,0x00000000ecb80000)
  from space 5120K, 48% used [0x00000000ecb80000,0x00000000ecdefed0,0x00000000ed080000)
  to   space 5120K, 0% used [0x00000000ed080000,0x00000000ed080000,0x00000000ed580000)
 ParOldGen       total 87552K, used 8K [0x00000000c0000000, 0x00000000c5580000, 0x00000000eab00000)
  object space 87552K, 0% used [0x00000000c0000000,0x00000000c0002000,0x00000000c5580000)
 Metaspace       used 5027K, capacity 6160K, committed 6272K, reserved 1060864K
  class space    used 562K, capacity 584K, committed 640K, reserved 1048576K
Event: 0.676 GC heap after
Heap after GC invocations=2 (full 1):
 PSYoungGen      total 38400K, used 0K [0x00000000eab00000, 0x00000000ed580000, 0x0000000100000000)
  eden space 33280K, 0% used [0x00000000eab00000,0x00000000eab00000,0x00000000ecb80000)
  from space 5120K, 0% used [0x00000000ecb80000,0x00000000ecb80000,0x00000000ed080000)
  to   space 5120K, 0% used [0x00000000ed080000,0x00000000ed080000,0x00000000ed580000)
 ParOldGen       total 65536K, used 2307K [0x00000000c0000000, 0x00000000c4000000, 0x00000000eab00000)
  object space 65536K, 3% used [0x00000000c0000000,0x00000000c0240c58,0x00000000c4000000)
 Metaspace       used 5027K, capacity 6160K, committed 6272K, reserved 1058816K
  class space    used 562K, capacity 584K, committed 640K, reserved 1048576K
}

Deoptimization events (8 events):
Event: 0.802 Thread 0x0000000002550800 Uncommon trap: reason=unstable_if action=reinterpret pc=0x000000000283999c method=java.util.HashMap.getNode(ILjava/lang/Object;)Ljava/util/HashMap$Node; @ 129
Event: 0.817 Thread 0x000000001727e000 Uncommon trap: reason=class_check action=maybe_recompile pc=0x0000000002865130 method=com.android.dx.ssa.NormalSsaInsn.accept(Lcom/android/dx/ssa/SsaInsn$Visitor;)V @ 9
Event: 1.039 Thread 0x0000000002550800 Uncommon trap: reason=unstable_if action=reinterpret pc=0x000000000286b9b4 method=java.util.BitSet.ensureCapacity(I)V @ 6
Event: 1.043 Thread 0x0000000002550800 Uncommon trap: reason=unstable_if action=reinterpret pc=0x0000000002855770 method=java.util.BitSet.nextSetBit(I)I @ 87
Event: 1.167 Thread 0x000000001727e000 Uncommon trap: reason=null_check action=make_not_entrant pc=0x00000000028e6310 method=com.android.dx.ssa.SsaRenamer.getLocalForNewReg(I)Lcom/android/dx/rop/code/LocalItem; @ 19
Event: 1.169 Thread 0x000000001727e000 Uncommon trap: reason=class_check action=maybe_recompile pc=0x0000000002865130 method=com.android.dx.ssa.NormalSsaInsn.accept(Lcom/android/dx/ssa/SsaInsn$Visitor;)V @ 9
Event: 1.169 Thread 0x000000001727e000 Uncommon trap: reason=class_check action=maybe_recompile pc=0x0000000002865130 method=com.android.dx.ssa.NormalSsaInsn.accept(Lcom/android/dx/ssa/SsaInsn$Visitor;)V @ 9
Event: 1.169 Thread 0x000000001727e000 Uncommon trap: reason=class_check action=maybe_recompile pc=0x0000000002865130 method=com.android.dx.ssa.NormalSsaInsn.accept(Lcom/android/dx/ssa/SsaInsn$Visitor;)V @ 9

Internal exceptions (3 events):
Event: 0.079 Thread 0x0000000002550800 Exception <a 'java/lang/NoSuchMethodError': Method sun.misc.Unsafe.defineClass(Ljava/lang/String;[BII)Ljava/lang/Class; name or signature does not match> (0x00000000eab07cc0) thrown at [C:\re\workspace\8-2-build-windows-amd64-cygwin\jdk8u101\7261\hotspot\sê‰˜^¥?
Event: 0.080 Thread 0x0000000002550800 Exception <a 'java/lang/NoSuchMethodError': Method sun.misc.Unsafe.prefetchRead(Ljava/lang/Object;J)V name or signature does not match> (0x00000000eab07fa8) thrown at [C:\re\workspace\8-2-build-windows-amd64-cygwin\jdk8u101\7261\hotspot\src\share\vm\prims\zÜÏª“≠Ú?
Event: 1.167 Thread 0x000000001727e000 Implicit null exception at 0x00000000028e3f1f to 0x00000000028e62cd

Events (10 events):
Event: 1.169 Thread 0x000000001727e000 DEOPT PACKING pc=0x0000000002865130 sp=0x000000001811eae0
Event: 1.169 Thread 0x000000001727e000 DEOPT UNPACKING pc=0x000000000269582a sp=0x000000001811ea70 mode 2
Event: 1.228 loading class java/util/DualPivotQuicksort
Event: 1.228 loading class java/util/DualPivotQuicksort done
Event: 1.233 loading class com/android/dx/cf/attrib/AttEnclosingMethod
Event: 1.233 loading class com/android/dx/cf/attrib/AttEnclosingMethod done
Event: 1.237 loading class com/android/dx/cf/attrib/AttRuntimeInvisibleParameterAnnotations
Event: 1.237 loading class com/android/dx/cf/attrib/AttRuntimeInvisibleParameterAnnotations done
Event: 1.237 loading class com/android/dx/cf/attrib/BaseParameterAnnotations
Event: 1.237 loading class com/android/dx/cf/attrib/BaseParameterAnnotations done


Dynamic libraries:
0x00007ff6000c0000 - 0x00007ff6000f7000 	C:\Program Files\Java\jdk1.8.0_101\bin\java.exe
0x00007ffee5180000 - 0x00007ffee5341000 	C:\Windows\SYSTEM32\ntdll.dll
0x00007ffee25f0000 - 0x00007ffee269d000 	C:\Windows\system32\KERNEL32.DLL
0x00007ffee2140000 - 0x00007ffee2328000 	C:\Windows\system32\KERNELBASE.dll
0x00007ffee2e60000 - 0x00007ffee2f07000 	C:\Windows\system32\ADVAPI32.dll
0x00007ffee2f10000 - 0x00007ffee2fad000 	C:\Windows\system32\msvcrt.dll
0x00007ffee4e00000 - 0x00007ffee4e5b000 	C:\Windows\system32\sechost.dll
0x00007ffee2fb0000 - 0x00007ffee30cc000 	C:\Windows\system32\RPCRT4.dll
0x00007ffee2d00000 - 0x00007ffee2e56000 	C:\Windows\system32\USER32.dll
0x00007ffee4fe0000 - 0x00007ffee5166000 	C:\Windows\system32\GDI32.dll
0x00007ffed9f40000 - 0x00007ffeda1b4000 	C:\Windows\WinSxS\amd64_microsoft.windows.common-controls_6595b64144ccf1df_6.0.10586.589_none_a2ddb3caa539acce\COMCTL32.dll
0x00007ffee28d0000 - 0x00007ffee2b4d000 	C:\Windows\system32\combase.dll
0x00007ffee20d0000 - 0x00007ffee213a000 	C:\Windows\system32\bcryptPrimitives.dll
0x00007ffee47f0000 - 0x00007ffee482b000 	C:\Windows\system32\IMM32.DLL
0x00007ffee01d0000 - 0x00007ffee0202000 	C:\Windows\system32\nvinitx.dll
0x00007ffee01c0000 - 0x00007ffee01ca000 	C:\Windows\SYSTEM32\VERSION.dll
0x00000000653b0000 - 0x0000000065482000 	C:\Program Files\Java\jdk1.8.0_101\jre\bin\msvcr100.dll
0x0000000065680000 - 0x0000000065f1a000 	C:\Program Files\Java\jdk1.8.0_101\jre\bin\server\jvm.dll
0x00007ffee26a0000 - 0x00007ffee26a8000 	C:\Windows\system32\PSAPI.DLL
0x00007ffedfa80000 - 0x00007ffedfaa3000 	C:\Windows\SYSTEM32\WINMM.dll
0x00007ffecfa10000 - 0x00007ffecfa19000 	C:\Windows\SYSTEM32\WSOCK32.dll
0x00007ffee2860000 - 0x00007ffee28cb000 	C:\Windows\system32\WS2_32.dll
0x0000000000bf0000 - 0x0000000000c1c000 	C:\Windows\SYSTEM32\WINMMBASE.dll
0x00007ffee1fd0000 - 0x00007ffee2013000 	C:\Windows\system32\cfgmgr32.dll
0x0000000065590000 - 0x000000006559f000 	C:\Program Files\Java\jdk1.8.0_101\jre\bin\verify.dll
0x0000000065560000 - 0x0000000065589000 	C:\Program Files\Java\jdk1.8.0_101\jre\bin\java.dll
0x0000000065540000 - 0x0000000065556000 	C:\Program Files\Java\jdk1.8.0_101\jre\bin\zip.dll
0x00007ffee30d0000 - 0x00007ffee462c000 	C:\Windows\system32\SHELL32.dll
0x00007ffee1830000 - 0x00007ffee1e75000 	C:\Windows\system32\windows.storage.dll
0x00007ffee4630000 - 0x00007ffee4682000 	C:\Windows\system32\shlwapi.dll
0x00007ffee17a0000 - 0x00007ffee17af000 	C:\Windows\system32\kernel.appcore.dll
0x00007ffee1e80000 - 0x00007ffee1f35000 	C:\Windows\system32\shcore.dll
0x00007ffee17d0000 - 0x00007ffee181b000 	C:\Windows\system32\powrprof.dll
0x00007ffee17b0000 - 0x00007ffee17c4000 	C:\Windows\system32\profapi.dll

VM Arguments:
jvm_args: -Djava.awt.headless=true -Xmx1024M -Dfile.encoding=windows-1252 -Duser.country=US -Duser.language=en -Duser.variant 
java_command: com.android.dx.command.Main --dex --num-threads=4 --output C:\Users\Mike\AndroidStudioProjects\MyApplication2\app\build\intermediates\pre-dexed\debug\com.android.support-support-core-utils-24.2.1_d05a6358294706ee23f922915794c574c2d5cec2.jar C:\Users\Mike\AndroidStudioProjects\MyApplication2\app\build\intermediates\exploded-aar\com.android.support\support-core-utils\24.2.1\jars\classes.jar
java_class_path (initial): C:\Users\Mike\AppData\Local\Android\sdk\build-tools\24.0.2\lib\dx.jar
Launcher Type: SUN_STANDARD

Environment Variables:
PATH=C:\ProgramData\Oracle\Java\javapath;C:\Windows\system32;C:\Windows;C:\Windows\System32\Wbem;C:\Windows\System32\WindowsPowerShell\v1.0\;C:\Program Files (x86)\NVIDIA Corporation\PhysX\Common;C:\Program Files\Intel\WiFi\bin\;C:\Program Files\Common Files\Intel\WirelessCommon\;C:\Program Files\Git\cmd;C:\Program Files\nodejs\;C:\Windows\system32\config\systemprofile\.dnx\bin;C:\Program Files\Microsoft DNX\Dnvm\;C:\Program Files\Microsoft SQL Server\120\Tools\Binn\;C:\Program Files\Microsoft SQL Server\130\Tools\Binn\;C:\Program Files (x86)\Skype\Phone\;C:\Users\Mike\.dnx\bin;C:\Program Files\Intel\WiFi\bin\;C:\Program Files\Common Files\Intel\WirelessCommon\;C:\Users\Mike\AppData\Roaming\npm;C:\Users\Mike\AppData\Local\.meteor\
USERNAME=Mike
OS=Windows_NT
PROCESSOR_IDENTIFIER=Intel64 Family 6 Model 94 Stepping 3, GenuineIntel



---------------  S Y S T E M  ---------------

OS: Windows 10.0 , 64 bit Build 10586 (10.0.10586.589)

CPU:total 8 (4 cores per cpu, 2 threads per core) family 6 model 94 stepping 3, cmov, cx8, fxsr, mmx, sse, sse2, sse3, ssse3, sse4.1, sse4.2, popcnt, avx, avx2, aes, clmul, erms, rtm, 3dnowpref, lzcnt, ht, tsc, tscinvbit, bmi1, bmi2, adx

Memory: 4k page, physical 8268708k(754556k free), swap 9317284k(4128k free)

vm_info: Java HotSpot(TM) 64-Bit Server VM (25.101-b13) for windows-amd64 JRE (1.8.0_101-b13), built on Jun 22 2016 01:21:29 by "java_re" with MS VC++ 10.0 (VS2010)

time: Thu Sep 22 13:48:15 2016
elapsed time: 1 seconds (0d 0h 0m 1s)

