#
# There is insufficient memory for the Java Runtime Environment to continue.
# Native memory allocation (malloc) failed to allocate 32744 bytes for ChunkPool::allocate
# Possible reasons:
#   The system is out of physical RAM or swap space
#   In 32 bit mode, the process size limit was hit
# Possible solutions:
#   Reduce memory load on the system
#   Increase physical memory or swap space
#   Check if swap backing store is full
#   Use 64 bit Java on a 64 bit OS
#   Decrease Java heap size (-Xmx/-Xms)
#   Decrease number of Java threads
#   Decrease Java thread stack sizes (-Xss)
#   Set larger code cache with -XX:ReservedCodeCacheSize=
# This output file may be truncated or incomplete.
#
#  Out of Memory Error (allocation.cpp:273), pid=10548, tid=0x00000000000022d0
#
# JRE version: Java(TM) SE Runtime Environment (8.0_101-b13) (build 1.8.0_101-b13)
# Java VM: Java HotSpot(TM) 64-Bit Server VM (25.101-b13 mixed mode windows-amd64 compressed oops)
# Failed to write core dump. Minidumps are not enabled by default on client versions of Windows
#

---------------  T H R E A D  ---------------

Current thread (0x0000000017beb800):  JavaThread "C2 CompilerThread1" daemon [_thread_in_vm, id=8912, stack(0x00000000183c0000,0x00000000184c0000)]

Stack: [0x00000000183c0000,0x00000000184c0000]
[error occurred during error reporting (printing stack bounds), id 0xc0000005]

Native frames: (J=compiled Java code, j=interpreted, Vv=VM code, C=native code)


Current CompileTask:
C2:    941  436       4       java.util.TreeMap::getEntry (84 bytes)


---------------  P R O C E S S  ---------------

Java Threads: ( => current thread )
  0x0000000017de8000 JavaThread "pool-1-thread-4" [_thread_blocked, id=10224, stack(0x0000000018cc0000,0x0000000018dc0000)]
  0x0000000017dde800 JavaThread "pool-1-thread-3" [_thread_blocked, id=3776, stack(0x0000000018bc0000,0x0000000018cc0000)]
  0x0000000017d7c800 JavaThread "pool-1-thread-2" [_thread_blocked, id=7992, stack(0x0000000018ac0000,0x0000000018bc0000)]
  0x0000000017d71800 JavaThread "pool-2-thread-1" [_thread_blocked, id=2900, stack(0x00000000189c0000,0x0000000018ac0000)]
  0x0000000017d71000 JavaThread "pool-1-thread-1" [_thread_blocked, id=10444, stack(0x00000000188c0000,0x00000000189c0000)]
  0x0000000017c02000 JavaThread "Service Thread" daemon [_thread_blocked, id=9448, stack(0x00000000186c0000,0x00000000187c0000)]
  0x0000000017bf5000 JavaThread "C1 CompilerThread3" daemon [_thread_in_native, id=4936, stack(0x00000000185c0000,0x00000000186c0000)]
  0x0000000017bee800 JavaThread "C2 CompilerThread2" daemon [_thread_in_native, id=10836, stack(0x00000000184c0000,0x00000000185c0000)]
=>0x0000000017beb800 JavaThread "C2 CompilerThread1" daemon [_thread_in_vm, id=8912, stack(0x00000000183c0000,0x00000000184c0000)]
  0x0000000017be8000 JavaThread "C2 CompilerThread0" daemon [_thread_in_native, id=2932, stack(0x00000000182c0000,0x00000000183c0000)]
  0x0000000017be6800 JavaThread "Attach Listener" daemon [_thread_blocked, id=2016, stack(0x00000000181c0000,0x00000000182c0000)]
  0x0000000017be5000 JavaThread "Signal Dispatcher" daemon [_thread_blocked, id=6960, stack(0x00000000180c0000,0x00000000181c0000)]
  0x00000000031ad800 JavaThread "Finalizer" daemon [_thread_blocked, id=9288, stack(0x0000000017fc0000,0x00000000180c0000)]
  0x00000000031a6000 JavaThread "Reference Handler" daemon [_thread_blocked, id=11236, stack(0x0000000017ac0000,0x0000000017bc0000)]
  0x00000000030b0800 JavaThread "main" [_thread_in_Java, id=2456, stack(0x0000000002ec0000,0x0000000002fc0000)]

Other Threads:
  0x0000000015cc9800 VMThread [stack: 0x00000000179c0000,0x0000000017ac0000] [id=2484]
  0x0000000017c5b800 WatcherThread [stack: 0x00000000187c0000,0x00000000188c0000] [id=9968]

VM state:not at safepoint (normal execution)

VM Mutex/Monitor currently owned by a thread: None

Heap:
 PSYoungGen      total 38400K, used 11998K [0x00000000eab00000, 0x00000000ed580000, 0x0000000100000000)
  eden space 33280K, 36% used [0x00000000eab00000,0x00000000eb6b7868,0x00000000ecb80000)
  from space 5120K, 0% used [0x00000000ed080000,0x00000000ed080000,0x00000000ed580000)
  to   space 5120K, 0% used [0x00000000ecb80000,0x00000000ecb80000,0x00000000ed080000)
 ParOldGen       total 87552K, used 0K [0x00000000c0000000, 0x00000000c5580000, 0x00000000eab00000)
  object space 87552K, 0% used [0x00000000c0000000,0x00000000c0000000,0x00000000c5580000)
 Metaspace       used 5249K, capacity 6448K, committed 6528K, reserved 1056768K
  class space    used 573K, capacity 616K, committed 640K, reserved 1048576K

Card table byte_map: [0x0000000012570000,0x0000000012780000] byte_map_base: 0x0000000011f70000

Marking Bits: (ParMarkBitMap*) 0x0000000065e9a6d0
 Begin Bits: [0x00000000130e0000, 0x00000000140e0000)
 End Bits:   [0x00000000140e0000, 0x00000000150e0000)

Polling page: 0x0000000002e10000

CodeCache: size=245760Kb used=1979Kb max_used=1990Kb free=243780Kb
 bounds [0x00000000031b0000, 0x0000000003420000, 0x00000000121b0000]
 total_blobs=660 nmethods=399 adapters=174
 compilation: enabled

Compilation events (10 events):
Event: 0.933 Thread 0x0000000017beb800 nmethod 421 0x00000000033a0ad0 code [0x00000000033a0c20, 0x00000000033a0cd8]
Event: 0.933 Thread 0x0000000017be8000  422       4       java.util.ArrayList$Itr::hasNext (20 bytes)
Event: 0.934 Thread 0x0000000017be8000 nmethod 422 0x000000000338f250 code [0x000000000338f380, 0x000000000338f3f8]
Event: 0.935 Thread 0x0000000017bee800  430       4       com.android.dx.util.MutabilityControl::throwIfImmutable (18 bytes)
Event: 0.935 Thread 0x0000000017beb800  431       4       java.util.ArrayList::rangeCheck (22 bytes)
Event: 0.936 Thread 0x0000000017bee800 nmethod 430 0x000000000339e7d0 code [0x000000000339e900, 0x000000000339e978]
Event: 0.936 Thread 0x0000000017be8000  434       4       java.util.ArrayList$Itr::next (66 bytes)
Event: 0.936 Thread 0x0000000017beb800 nmethod 431 0x000000000339e590 code [0x000000000339e6c0, 0x000000000339e738]
Event: 0.937 Thread 0x0000000017bee800  435       4       java.util.TreeMap::put (247 bytes)
Event: 0.937 Thread 0x0000000017beb800  436       4       java.util.TreeMap::getEntry (84 bytes)

GC Heap History (0 events):
No events

Deoptimization events (4 events):
Event: 0.919 Thread 0x0000000017de8000 Uncommon trap: reason=class_check action=maybe_recompile pc=0x000000000335a534 method=com.android.dx.rop.cst.CstMemberRef.compareTo0(Lcom/android/dx/rop/cst/Constant;)I @ 1
Event: 0.919 Thread 0x0000000017d7c800 Uncommon trap: reason=class_check action=maybe_recompile pc=0x000000000335a534 method=com.android.dx.rop.cst.CstMemberRef.compareTo0(Lcom/android/dx/rop/cst/Constant;)I @ 1
Event: 0.919 Thread 0x0000000017d7c800 Uncommon trap: reason=class_check action=maybe_recompile pc=0x000000000335a534 method=com.android.dx.rop.cst.CstMemberRef.compareTo0(Lcom/android/dx/rop/cst/Constant;)I @ 1
Event: 0.919 Thread 0x0000000017de8000 Uncommon trap: reason=class_check action=maybe_recompile pc=0x000000000335a534 method=com.android.dx.rop.cst.CstMemberRef.compareTo0(Lcom/android/dx/rop/cst/Constant;)I @ 1

Internal exceptions (2 events):
Event: 0.203 Thread 0x00000000030b0800 Exception <a 'java/lang/NoSuchMethodError': Method sun.misc.Unsafe.defineClass(Ljava/lang/String;[BII)Ljava/lang/Class; name or signature does not match> (0x00000000eab07cc0) thrown at [C:\re\workspace\8-2-build-windows-amd64-cygwin\jdk8u101\7261\hotspot\sù˜PG
Event: 0.203 Thread 0x00000000030b0800 Exception <a 'java/lang/NoSuchMethodError': Method sun.misc.Unsafe.prefetchRead(Ljava/lang/Object;J)V name or signature does not match> (0x00000000eab07fa8) thrown at [C:\re\workspace\8-2-build-windows-amd64-cygwin\jdk8u101\7261\hotspot\src\share\vm\prims\

Events (10 events):
Event: 0.919 Thread 0x0000000017d7c800 DEOPT PACKING pc=0x000000000335a534 sp=0x0000000018bbf0b0
Event: 0.919 Thread 0x0000000017d7c800 DEOPT UNPACKING pc=0x00000000031f582a sp=0x0000000018bbf038 mode 2
Event: 0.919 Thread 0x0000000017d7c800 Uncommon trap: trap_request=0xffffffde fr.pc=0x000000000335a534
Event: 0.919 Thread 0x0000000017d7c800 DEOPT PACKING pc=0x000000000335a534 sp=0x0000000018bbf080
Event: 0.919 Thread 0x0000000017d7c800 DEOPT UNPACKING pc=0x00000000031f582a sp=0x0000000018bbf008 mode 2
Event: 0.919 Thread 0x0000000017de8000 Uncommon trap: trap_request=0xffffffde fr.pc=0x000000000335a534
Event: 0.919 Thread 0x0000000017de8000 DEOPT PACKING pc=0x000000000335a534 sp=0x0000000018dbed10
Event: 0.919 Thread 0x0000000017de8000 DEOPT UNPACKING pc=0x00000000031f582a sp=0x0000000018dbec98 mode 2
Event: 0.919 loading class com/android/dx/cf/code/BytecodeArray$ConstantParserVisitor
Event: 0.919 loading class com/android/dx/cf/code/BytecodeArray$ConstantParserVisitor done


Dynamic libraries:
0x00007ff6000c0000 - 0x00007ff6000f7000 	C:\Program Files\Java\jdk1.8.0_101\bin\java.exe
0x00007ffee5180000 - 0x00007ffee5341000 	C:\Windows\SYSTEM32\ntdll.dll
0x00007ffee25f0000 - 0x00007ffee269d000 	C:\Windows\system32\KERNEL32.DLL
0x00007ffee2140000 - 0x00007ffee2328000 	C:\Windows\system32\KERNELBASE.dll
0x00007ffee2e60000 - 0x00007ffee2f07000 	C:\Windows\system32\ADVAPI32.dll
0x00007ffee2f10000 - 0x00007ffee2fad000 	C:\Windows\system32\msvcrt.dll
0x00007ffee4e00000 - 0x00007ffee4e5b000 	C:\Windows\system32\sechost.dll
0x00007ffee2fb0000 - 0x00007ffee30cc000 	C:\Windows\system32\RPCRT4.dll
0x00007ffee2d00000 - 0x00007ffee2e56000 	C:\Windows\system32\USER32.dll
0x00007ffee4fe0000 - 0x00007ffee5166000 	C:\Windows\system32\GDI32.dll
0x00007ffed9f40000 - 0x00007ffeda1b4000 	C:\Windows\WinSxS\amd64_microsoft.windows.common-controls_6595b64144ccf1df_6.0.10586.589_none_a2ddb3caa539acce\COMCTL32.dll
0x00007ffee28d0000 - 0x00007ffee2b4d000 	C:\Windows\system32\combase.dll
0x00007ffee20d0000 - 0x00007ffee213a000 	C:\Windows\system32\bcryptPrimitives.dll
0x00007ffee47f0000 - 0x00007ffee482b000 	C:\Windows\system32\IMM32.DLL
0x00007ffee01d0000 - 0x00007ffee0202000 	C:\Windows\system32\nvinitx.dll
0x00007ffee01c0000 - 0x00007ffee01ca000 	C:\Windows\SYSTEM32\VERSION.dll
0x00000000653b0000 - 0x0000000065482000 	C:\Program Files\Java\jdk1.8.0_101\jre\bin\msvcr100.dll
0x0000000065680000 - 0x0000000065f1a000 	C:\Program Files\Java\jdk1.8.0_101\jre\bin\server\jvm.dll
0x00007ffee26a0000 - 0x00007ffee26a8000 	C:\Windows\system32\PSAPI.DLL
0x00007ffecfa10000 - 0x00007ffecfa19000 	C:\Windows\SYSTEM32\WSOCK32.dll
0x00007ffee2860000 - 0x00007ffee28cb000 	C:\Windows\system32\WS2_32.dll
0x00007ffedfa80000 - 0x00007ffedfaa3000 	C:\Windows\SYSTEM32\WINMM.dll
0x00007ffedf730000 - 0x00007ffedf75c000 	C:\Windows\SYSTEM32\WINMMBASE.dll
0x00007ffee1fd0000 - 0x00007ffee2013000 	C:\Windows\system32\cfgmgr32.dll
0x0000000065590000 - 0x000000006559f000 	C:\Program Files\Java\jdk1.8.0_101\jre\bin\verify.dll
0x0000000065560000 - 0x0000000065589000 	C:\Program Files\Java\jdk1.8.0_101\jre\bin\java.dll
0x0000000065540000 - 0x0000000065556000 	C:\Program Files\Java\jdk1.8.0_101\jre\bin\zip.dll
0x00007ffee30d0000 - 0x00007ffee462c000 	C:\Windows\system32\SHELL32.dll
0x00007ffee1830000 - 0x00007ffee1e75000 	C:\Windows\system32\windows.storage.dll
0x00007ffee4630000 - 0x00007ffee4682000 	C:\Windows\system32\shlwapi.dll
0x00007ffee17a0000 - 0x00007ffee17af000 	C:\Windows\system32\kernel.appcore.dll
0x00007ffee1e80000 - 0x00007ffee1f35000 	C:\Windows\system32\shcore.dll
0x00007ffee17d0000 - 0x00007ffee181b000 	C:\Windows\system32\powrprof.dll
0x00007ffee17b0000 - 0x00007ffee17c4000 	C:\Windows\system32\profapi.dll

VM Arguments:
jvm_args: -Djava.awt.headless=true -Xmx1024M -Dfile.encoding=windows-1252 -Duser.country=US -Duser.language=en -Duser.variant 
java_command: com.android.dx.command.Main --dex --num-threads=4 --output C:\Users\Mike\AndroidStudioProjects\MyApplication2\app\build\intermediates\pre-dexed\debug\debug_010b53036a6533f824bc3ed070e23a76198386e0.jar C:\Users\Mike\AndroidStudioProjects\MyApplication2\app\build\intermediates\classes\debug
java_class_path (initial): C:\Users\Mike\AppData\Local\Android\sdk\build-tools\24.0.2\lib\dx.jar
Launcher Type: SUN_STANDARD

Environment Variables:
PATH=C:\ProgramData\Oracle\Java\javapath;C:\Windows\system32;C:\Windows;C:\Windows\System32\Wbem;C:\Windows\System32\WindowsPowerShell\v1.0\;C:\Program Files (x86)\NVIDIA Corporation\PhysX\Common;C:\Program Files\Intel\WiFi\bin\;C:\Program Files\Common Files\Intel\WirelessCommon\;C:\Program Files\Git\cmd;C:\Program Files\nodejs\;C:\Windows\system32\config\systemprofile\.dnx\bin;C:\Program Files\Microsoft DNX\Dnvm\;C:\Program Files\Microsoft SQL Server\120\Tools\Binn\;C:\Program Files\Microsoft SQL Server\130\Tools\Binn\;C:\Program Files (x86)\Skype\Phone\;C:\Users\Mike\.dnx\bin;C:\Program Files\Intel\WiFi\bin\;C:\Program Files\Common Files\Intel\WirelessCommon\;C:\Users\Mike\AppData\Roaming\npm;C:\Users\Mike\AppData\Local\.meteor\
USERNAME=Mike
OS=Windows_NT
PROCESSOR_IDENTIFIER=Intel64 Family 6 Model 94 Stepping 3, GenuineIntel



---------------  S Y S T E M  ---------------

OS: Windows 10.0 , 64 bit Build 10586 (10.0.10586.589)

CPU:total 8 (4 cores per cpu, 2 threads per core) family 6 model 94 stepping 3, cmov, cx8, fxsr, mmx, sse, sse2, sse3, ssse3, sse4.1, sse4.2, popcnt, avx, avx2, aes, clmul, erms, rtm, 3dnowpref, lzcnt, ht, tsc, tscinvbit, bmi1, bmi2, adx

Memory: 4k page, physical 8268708k(794836k free), swap 9317284k(3336k free)

vm_info: Java HotSpot(TM) 64-Bit Server VM (25.101-b13) for windows-amd64 JRE (1.8.0_101-b13), built on Jun 22 2016 01:21:29 by "java_re" with MS VC++ 10.0 (VS2010)

time: Thu Sep 22 13:48:16 2016
elapsed time: 0 seconds (0d 0h 0m 0s)

