#
# There is insufficient memory for the Java Runtime Environment to continue.
# Native memory allocation (malloc) failed to allocate 694416 bytes for Chunk::new
# Possible reasons:
#   The system is out of physical RAM or swap space
#   In 32 bit mode, the process size limit was hit
# Possible solutions:
#   Reduce memory load on the system
#   Increase physical memory or swap space
#   Check if swap backing store is full
#   Use 64 bit Java on a 64 bit OS
#   Decrease Java heap size (-Xmx/-Xms)
#   Decrease number of Java threads
#   Decrease Java thread stack sizes (-Xss)
#   Set larger code cache with -XX:ReservedCodeCacheSize=
# This output file may be truncated or incomplete.
#
#  Out of Memory Error (allocation.cpp:390), pid=1756, tid=0x0000000000001fe4
#
# JRE version: Java(TM) SE Runtime Environment (8.0_101-b13) (build 1.8.0_101-b13)
# Java VM: Java HotSpot(TM) 64-Bit Server VM (25.101-b13 mixed mode windows-amd64 compressed oops)
# Failed to write core dump. Minidumps are not enabled by default on client versions of Windows
#

---------------  T H R E A D  ---------------

Current thread (0x0000000017747000):  JavaThread "C2 CompilerThread0" daemon [_thread_in_native, id=8164, stack(0x0000000017f00000,0x0000000018000000)]

Stack: [0x0000000017f00000,0x0000000018000000]
[error occurred during error reporting (printing stack bounds), id 0xc0000005]

Native frames: (J=compiled Java code, j=interpreted, Vv=VM code, C=native code)


Current CompileTask:
C2:   3998 1980       4       com.android.dx.dex.code.OutputFinisher::addConstants (93 bytes)


---------------  P R O C E S S  ---------------

Java Threads: ( => current thread )
  0x00000000177e8000 JavaThread "Service Thread" daemon [_thread_blocked, id=7232, stack(0x0000000018300000,0x0000000018400000)]
  0x0000000017753800 JavaThread "C1 CompilerThread3" daemon [_thread_blocked, id=5456, stack(0x0000000018200000,0x0000000018300000)]
  0x000000001774d800 JavaThread "C2 CompilerThread2" daemon [_thread_in_native, id=8152, stack(0x0000000018100000,0x0000000018200000)]
  0x000000001774a800 JavaThread "C2 CompilerThread1" daemon [_thread_in_native, id=7184, stack(0x0000000018000000,0x0000000018100000)]
=>0x0000000017747000 JavaThread "C2 CompilerThread0" daemon [_thread_in_native, id=8164, stack(0x0000000017f00000,0x0000000018000000)]
  0x0000000017745800 JavaThread "Attach Listener" daemon [_thread_blocked, id=10464, stack(0x0000000017e00000,0x0000000017f00000)]
  0x0000000017744000 JavaThread "Signal Dispatcher" daemon [_thread_blocked, id=10520, stack(0x0000000017d00000,0x0000000017e00000)]
  0x0000000017740800 JavaThread "Finalizer" daemon [_thread_blocked, id=7952, stack(0x0000000017b20000,0x0000000017c20000)]
  0x0000000002d26000 JavaThread "Reference Handler" daemon [_thread_blocked, id=6360, stack(0x0000000017620000,0x0000000017720000)]
  0x0000000002c30800 JavaThread "main" [_thread_in_Java, id=5512, stack(0x0000000002a50000,0x0000000002b50000)]

Other Threads:
  0x0000000015849800 VMThread [stack: 0x0000000017520000,0x0000000017620000] [id=252]
  0x00000000177eb800 WatcherThread [stack: 0x0000000018400000,0x0000000018500000] [id=9044]

VM state:not at safepoint (normal execution)

VM Mutex/Monitor currently owned by a thread: None

Heap:
 PSYoungGen      total 71680K, used 16512K [0x00000000eab00000, 0x00000000ef600000, 0x0000000100000000)
  eden space 66560K, 17% used [0x00000000eab00000,0x00000000eb622130,0x00000000eec00000)
  from space 5120K, 99% used [0x00000000eec00000,0x00000000ef0fe1f8,0x00000000ef100000)
  to   space 5120K, 0% used [0x00000000ef100000,0x00000000ef100000,0x00000000ef600000)
 ParOldGen       total 87552K, used 24886K [0x00000000c0000000, 0x00000000c5580000, 0x00000000eab00000)
  object space 87552K, 28% used [0x00000000c0000000,0x00000000c184d8d8,0x00000000c5580000)
 Metaspace       used 6567K, capacity 7504K, committed 7680K, reserved 1056768K
  class space    used 610K, capacity 648K, committed 768K, reserved 1048576K

Card table byte_map: [0x00000000120f0000,0x0000000012300000] byte_map_base: 0x0000000011af0000

Marking Bits: (ParMarkBitMap*) 0x0000000065e9a6d0
 Begin Bits: [0x0000000012c60000, 0x0000000013c60000)
 End Bits:   [0x0000000013c60000, 0x0000000014c60000)

Polling page: 0x0000000002a30000

CodeCache: size=245760Kb used=8559Kb max_used=8572Kb free=237200Kb
 bounds [0x0000000002d30000, 0x00000000035a0000, 0x0000000011d30000]
 total_blobs=2512 nmethods=2248 adapters=176
 compilation: enabled

Compilation events (10 events):
Event: 3.968 Thread 0x000000001774a800 2286       4       com.android.dx.dex.code.OutputFinisher::align64bits (247 bytes)
Event: 3.968 Thread 0x0000000017753800 2287       1       com.android.dx.rop.cst.CstKnownNull::fitsInInt (2 bytes)
Event: 3.969 Thread 0x0000000017753800 nmethod 2287 0x0000000003595090 code [0x00000000035951e0, 0x00000000035952f0]
Event: 3.969 Thread 0x0000000017753800 2288       1       com.android.dx.rop.cst.CstKnownNull::getIntBits (2 bytes)
Event: 3.969 Thread 0x0000000017753800 nmethod 2288 0x0000000003594dd0 code [0x0000000003594f20, 0x0000000003595030]
Event: 3.969 Thread 0x000000001774d800 2289 %     4       com.android.dx.dex.code.LocalList::make @ 16 (102 bytes)
Event: 3.980 Thread 0x0000000017753800 2291       3       java.util.ComparableTimSort::sort (219 bytes)
Event: 3.981 Thread 0x0000000017753800 nmethod 2291 0x0000000003594090 code [0x0000000003594280, 0x0000000003594918]
Event: 3.989 Thread 0x000000001774a800 nmethod 2286 0x0000000003597210 code [0x00000000035973e0, 0x0000000003597b70]
Event: 3.989 Thread 0x000000001774a800 2292       4       com.android.dx.dex.code.OutputFinisher::calculateReservedCount (122 bytes)

GC Heap History (10 events):
Event: 1.565 GC heap before
{Heap before GC invocations=1 (full 0):
 PSYoungGen      total 38400K, used 33280K [0x00000000eab00000, 0x00000000ed580000, 0x0000000100000000)
  eden space 33280K, 100% used [0x00000000eab00000,0x00000000ecb80000,0x00000000ecb80000)
  from space 5120K, 0% used [0x00000000ed080000,0x00000000ed080000,0x00000000ed580000)
  to   space 5120K, 0% used [0x00000000ecb80000,0x00000000ecb80000,0x00000000ed080000)
 ParOldGen       total 87552K, used 0K [0x00000000c0000000, 0x00000000c5580000, 0x00000000eab00000)
  object space 87552K, 0% used [0x00000000c0000000,0x00000000c0000000,0x00000000c5580000)
 Metaspace       used 5836K, capacity 6896K, committed 7040K, reserved 1056768K
  class space    used 592K, capacity 616K, committed 640K, reserved 1048576K
Event: 1.578 GC heap after
Heap after GC invocations=1 (full 0):
 PSYoungGen      total 38400K, used 5090K [0x00000000eab00000, 0x00000000ed580000, 0x0000000100000000)
  eden space 33280K, 0% used [0x00000000eab00000,0x00000000eab00000,0x00000000ecb80000)
  from space 5120K, 99% used [0x00000000ecb80000,0x00000000ed0788a8,0x00000000ed080000)
  to   space 5120K, 0% used [0x00000000ed080000,0x00000000ed080000,0x00000000ed580000)
 ParOldGen       total 87552K, used 664K [0x00000000c0000000, 0x00000000c5580000, 0x00000000eab00000)
  object space 87552K, 0% used [0x00000000c0000000,0x00000000c00a6180,0x00000000c5580000)
 Metaspace       used 5836K, capacity 6896K, committed 7040K, reserved 1056768K
  class space    used 592K, capacity 616K, committed 640K, reserved 1048576K
}
Event: 1.883 GC heap before
{Heap before GC invocations=2 (full 0):
 PSYoungGen      total 38400K, used 38370K [0x00000000eab00000, 0x00000000ed580000, 0x0000000100000000)
  eden space 33280K, 100% used [0x00000000eab00000,0x00000000ecb80000,0x00000000ecb80000)
  from space 5120K, 99% used [0x00000000ecb80000,0x00000000ed0788a8,0x00000000ed080000)
  to   space 5120K, 0% used [0x00000000ed080000,0x00000000ed080000,0x00000000ed580000)
 ParOldGen       total 87552K, used 664K [0x00000000c0000000, 0x00000000c5580000, 0x00000000eab00000)
  object space 87552K, 0% used [0x00000000c0000000,0x00000000c00a6180,0x00000000c5580000)
 Metaspace       used 6039K, capacity 7024K, committed 7296K, reserved 1056768K
  class space    used 592K, capacity 616K, committed 640K, reserved 1048576K
Event: 1.901 GC heap after
Heap after GC invocations=2 (full 0):
 PSYoungGen      total 38400K, used 5095K [0x00000000eab00000, 0x00000000ef600000, 0x0000000100000000)
  eden space 33280K, 0% used [0x00000000eab00000,0x00000000eab00000,0x00000000ecb80000)
  from space 5120K, 99% used [0x00000000ed080000,0x00000000ed579c78,0x00000000ed580000)
  to   space 5120K, 0% used [0x00000000ecb80000,0x00000000ecb80000,0x00000000ed080000)
 ParOldGen       total 87552K, used 4443K [0x00000000c0000000, 0x00000000c5580000, 0x00000000eab00000)
  object space 87552K, 5% used [0x00000000c0000000,0x00000000c0456c08,0x00000000c5580000)
 Metaspace       used 6039K, capacity 7024K, committed 7296K, reserved 1056768K
  class space    used 592K, capacity 616K, committed 640K, reserved 1048576K
}
Event: 2.176 GC heap before
{Heap before GC invocations=3 (full 0):
 PSYoungGen      total 38400K, used 38375K [0x00000000eab00000, 0x00000000ef600000, 0x0000000100000000)
  eden space 33280K, 100% used [0x00000000eab00000,0x00000000ecb80000,0x00000000ecb80000)
  from space 5120K, 99% used [0x00000000ed080000,0x00000000ed579c78,0x00000000ed580000)
  to   space 5120K, 0% used [0x00000000ecb80000,0x00000000ecb80000,0x00000000ed080000)
 ParOldGen       total 87552K, used 4443K [0x00000000c0000000, 0x00000000c5580000, 0x00000000eab00000)
  object space 87552K, 5% used [0x00000000c0000000,0x00000000c0456c08,0x00000000c5580000)
 Metaspace       used 6140K, capacity 7152K, committed 7296K, reserved 1056768K
  class space    used 592K, capacity 616K, committed 640K, reserved 1048576K
Event: 2.205 GC heap after
Heap after GC invocations=3 (full 0):
 PSYoungGen      total 38400K, used 5100K [0x00000000eab00000, 0x00000000ef600000, 0x0000000100000000)
  eden space 33280K, 0% used [0x00000000eab00000,0x00000000eab00000,0x00000000ecb80000)
  from space 5120K, 99% used [0x00000000ecb80000,0x00000000ed07b090,0x00000000ed080000)
  to   space 5120K, 0% used [0x00000000ef100000,0x00000000ef100000,0x00000000ef600000)
 ParOldGen       total 87552K, used 10138K [0x00000000c0000000, 0x00000000c5580000, 0x00000000eab00000)
  object space 87552K, 11% used [0x00000000c0000000,0x00000000c09e6b30,0x00000000c5580000)
 Metaspace       used 6140K, capacity 7152K, committed 7296K, reserved 1056768K
  class space    used 592K, capacity 616K, committed 640K, reserved 1048576K
}
Event: 2.424 GC heap before
{Heap before GC invocations=4 (full 0):
 PSYoungGen      total 38400K, used 38380K [0x00000000eab00000, 0x00000000ef600000, 0x0000000100000000)
  eden space 33280K, 100% used [0x00000000eab00000,0x00000000ecb80000,0x00000000ecb80000)
  from space 5120K, 99% used [0x00000000ecb80000,0x00000000ed07b090,0x00000000ed080000)
  to   space 5120K, 0% used [0x00000000ef100000,0x00000000ef100000,0x00000000ef600000)
 ParOldGen       total 87552K, used 10138K [0x00000000c0000000, 0x00000000c5580000, 0x00000000eab00000)
  object space 87552K, 11% used [0x00000000c0000000,0x00000000c09e6b30,0x00000000c5580000)
 Metaspace       used 6203K, capacity 7152K, committed 7296K, reserved 1056768K
  class space    used 592K, capacity 616K, committed 640K, reserved 1048576K
Event: 2.451 GC heap after
Heap after GC invocations=4 (full 0):
 PSYoungGen      total 71680K, used 5118K [0x00000000eab00000, 0x00000000ef600000, 0x0000000100000000)
  eden space 66560K, 0% used [0x00000000eab00000,0x00000000eab00000,0x00000000eec00000)
  from space 5120K, 99% used [0x00000000ef100000,0x00000000ef5ffab8,0x00000000ef600000)
  to   space 5120K, 0% used [0x00000000eec00000,0x00000000eec00000,0x00000000ef100000)
 ParOldGen       total 87552K, used 15173K [0x00000000c0000000, 0x00000000c5580000, 0x00000000eab00000)
  object space 87552K, 17% used [0x00000000c0000000,0x00000000c0ed1520,0x00000000c5580000)
 Metaspace       used 6203K, capacity 7152K, committed 7296K, reserved 1056768K
  class space    used 592K, capacity 616K, committed 640K, reserved 1048576K
}
Event: 2.804 GC heap before
{Heap before GC invocations=5 (full 0):
 PSYoungGen      total 71680K, used 71678K [0x00000000eab00000, 0x00000000ef600000, 0x0000000100000000)
  eden space 66560K, 100% used [0x00000000eab00000,0x00000000eec00000,0x00000000eec00000)
  from space 5120K, 99% used [0x00000000ef100000,0x00000000ef5ffab8,0x00000000ef600000)
  to   space 5120K, 0% used [0x00000000eec00000,0x00000000eec00000,0x00000000ef100000)
 ParOldGen       total 87552K, used 15173K [0x00000000c0000000, 0x00000000c5580000, 0x00000000eab00000)
  object space 87552K, 17% used [0x00000000c0000000,0x00000000c0ed1520,0x00000000c5580000)
 Metaspace       used 6250K, capacity 7216K, committed 7296K, reserved 1056768K
  class space    used 592K, capacity 616K, committed 640K, reserved 1048576K
Event: 2.843 GC heap after
Heap after GC invocations=5 (full 0):
 PSYoungGen      total 71680K, used 5112K [0x00000000eab00000, 0x00000000ef600000, 0x0000000100000000)
  eden space 66560K, 0% used [0x00000000eab00000,0x00000000eab00000,0x00000000eec00000)
  from space 5120K, 99% used [0x00000000eec00000,0x00000000ef0fe1f8,0x00000000ef100000)
  to   space 5120K, 0% used [0x00000000ef100000,0x00000000ef100000,0x00000000ef600000)
 ParOldGen       total 87552K, used 24886K [0x00000000c0000000, 0x00000000c5580000, 0x00000000eab00000)
  object space 87552K, 28% used [0x00000000c0000000,0x00000000c184d8d8,0x00000000c5580000)
 Metaspace       used 6250K, capacity 7216K, committed 7296K, reserved 1056768K
  class space    used 592K, capacity 616K, committed 640K, reserved 1048576K
}

Deoptimization events (10 events):
Event: 2.925 Thread 0x0000000002c30800 Uncommon trap: reason=class_check action=maybe_recompile pc=0x00000000033ed744 method=java.util.HashMap.putVal(ILjava/lang/Object;Ljava/lang/Object;ZZ)Ljava/lang/Object; @ 203
Event: 2.926 Thread 0x0000000002c30800 Uncommon trap: reason=class_check action=maybe_recompile pc=0x00000000033ed744 method=java.util.HashMap.putVal(ILjava/lang/Object;Ljava/lang/Object;ZZ)Ljava/lang/Object; @ 203
Event: 2.926 Thread 0x0000000002c30800 Uncommon trap: reason=class_check action=maybe_recompile pc=0x00000000033ed744 method=java.util.HashMap.putVal(ILjava/lang/Object;Ljava/lang/Object;ZZ)Ljava/lang/Object; @ 203
Event: 2.928 Thread 0x0000000002c30800 Uncommon trap: reason=class_check action=maybe_recompile pc=0x00000000033ed744 method=java.util.HashMap.putVal(ILjava/lang/Object;Ljava/lang/Object;ZZ)Ljava/lang/Object; @ 203
Event: 3.103 Thread 0x0000000002c30800 Uncommon trap: reason=unstable_if action=reinterpret pc=0x000000000331afc4 method=java.util.HashMap.resize()[Ljava/util/HashMap$Node; @ 206
Event: 3.383 Thread 0x0000000002c30800 Uncommon trap: reason=class_check action=maybe_recompile pc=0x0000000003009c08 method=java.util.Arrays.equals([Ljava/lang/Object;[Ljava/lang/Object;)Z @ 62
Event: 3.383 Thread 0x0000000002c30800 Uncommon trap: reason=class_check action=maybe_recompile pc=0x0000000003009c08 method=java.util.Arrays.equals([Ljava/lang/Object;[Ljava/lang/Object;)Z @ 62
Event: 3.383 Thread 0x0000000002c30800 Uncommon trap: reason=unstable_if action=reinterpret pc=0x0000000003009be0 method=java.util.Arrays.equals([Ljava/lang/Object;[Ljava/lang/Object;)Z @ 23
Event: 3.385 Thread 0x0000000002c30800 Uncommon trap: reason=unstable_if action=reinterpret pc=0x00000000033e509c method=java.util.TreeMap.put(Ljava/lang/Object;Ljava/lang/Object;)Ljava/lang/Object; @ 163
Event: 3.471 Thread 0x0000000002c30800 Uncommon trap: reason=unstable_if action=reinterpret pc=0x00000000034ef980 method=com.android.dx.dex.code.OutputFinisher.findOpcodeForInsn(Lcom/android/dx/dex/code/DalvInsn;Lcom/android/dx/dex/code/Dop;)Lcom/android/dx/dex/code/Dop; @ 1

Internal exceptions (4 events):
Event: 0.055 Thread 0x0000000002c30800 Exception <a 'java/lang/NoSuchMethodError': Method sun.misc.Unsafe.defineClass(Ljava/lang/String;[BII)Ljava/lang/Class; name or signature does not match> (0x00000000eab07cc0) thrown at [C:\re\workspace\8-2-build-windows-amd64-cygwin\jdk8u101\7261\hotspot\s	Pº½j¬?
Event: 0.055 Thread 0x0000000002c30800 Exception <a 'java/lang/NoSuchMethodError': Method sun.misc.Unsafe.prefetchRead(Ljava/lang/Object;J)V name or signature does not match> (0x00000000eab07fa8) thrown at [C:\re\workspace\8-2-build-windows-amd64-cygwin\jdk8u101\7261\hotspot\src\share\vm\prims\a_CÄôWû?
Event: 1.709 Thread 0x0000000018500800 Implicit null exception at 0x0000000003029b14 to 0x000000000302b101
Event: 1.840 Thread 0x0000000017a13000 Implicit null exception at 0x0000000003020e62 to 0x0000000003020f5a

Events (10 events):
Event: 3.968 Thread 0x0000000002c30800 DEOPT PACKING pc=0x00000000034df63b sp=0x0000000002b4f000
Event: 3.968 Thread 0x0000000002c30800 DEOPT UNPACKING pc=0x0000000002d7787f sp=0x0000000002b4ed50 mode 0
Event: 3.983 Thread 0x0000000002c30800 DEOPT PACKING pc=0x000000000351fa86 sp=0x0000000002b4ef40
Event: 3.983 Thread 0x0000000002c30800 DEOPT UNPACKING pc=0x0000000002d7787f sp=0x0000000002b4ec98 mode 0
Event: 3.984 Thread 0x0000000002c30800 DEOPT PACKING pc=0x0000000003521e51 sp=0x0000000002b4f020
Event: 3.984 Thread 0x0000000002c30800 DEOPT UNPACKING pc=0x0000000002d7787f sp=0x0000000002b4ed98 mode 0
Event: 3.987 Thread 0x0000000002c30800 DEOPT PACKING pc=0x00000000034df63b sp=0x0000000002b4f000
Event: 3.987 Thread 0x0000000002c30800 DEOPT UNPACKING pc=0x0000000002d7787f sp=0x0000000002b4ed50 mode 0
Event: 3.996 Thread 0x0000000002c30800 DEOPT PACKING pc=0x000000000351fa86 sp=0x0000000002b4ef40
Event: 3.996 Thread 0x0000000002c30800 DEOPT UNPACKING pc=0x0000000002d7787f sp=0x0000000002b4ec98 mode 0


Dynamic libraries:
0x00007ff6000c0000 - 0x00007ff6000f7000 	C:\Program Files\Java\jdk1.8.0_101\bin\java.exe
0x00007ffee5180000 - 0x00007ffee5341000 	C:\Windows\SYSTEM32\ntdll.dll
0x00007ffee25f0000 - 0x00007ffee269d000 	C:\Windows\system32\KERNEL32.DLL
0x00007ffee2140000 - 0x00007ffee2328000 	C:\Windows\system32\KERNELBASE.dll
0x00007ffee2e60000 - 0x00007ffee2f07000 	C:\Windows\system32\ADVAPI32.dll
0x00007ffee2f10000 - 0x00007ffee2fad000 	C:\Windows\system32\msvcrt.dll
0x00007ffee4e00000 - 0x00007ffee4e5b000 	C:\Windows\system32\sechost.dll
0x00007ffee2fb0000 - 0x00007ffee30cc000 	C:\Windows\system32\RPCRT4.dll
0x00007ffee2d00000 - 0x00007ffee2e56000 	C:\Windows\system32\USER32.dll
0x00007ffee4fe0000 - 0x00007ffee5166000 	C:\Windows\system32\GDI32.dll
0x00007ffed9f40000 - 0x00007ffeda1b4000 	C:\Windows\WinSxS\amd64_microsoft.windows.common-controls_6595b64144ccf1df_6.0.10586.589_none_a2ddb3caa539acce\COMCTL32.dll
0x00007ffee28d0000 - 0x00007ffee2b4d000 	C:\Windows\system32\combase.dll
0x00007ffee20d0000 - 0x00007ffee213a000 	C:\Windows\system32\bcryptPrimitives.dll
0x00007ffee47f0000 - 0x00007ffee482b000 	C:\Windows\system32\IMM32.DLL
0x00007ffee01d0000 - 0x00007ffee0202000 	C:\Windows\system32\nvinitx.dll
0x00007ffee01c0000 - 0x00007ffee01ca000 	C:\Windows\SYSTEM32\VERSION.dll
0x00000000653b0000 - 0x0000000065482000 	C:\Program Files\Java\jdk1.8.0_101\jre\bin\msvcr100.dll
0x0000000065680000 - 0x0000000065f1a000 	C:\Program Files\Java\jdk1.8.0_101\jre\bin\server\jvm.dll
0x00007ffee26a0000 - 0x00007ffee26a8000 	C:\Windows\system32\PSAPI.DLL
0x00007ffecfa10000 - 0x00007ffecfa19000 	C:\Windows\SYSTEM32\WSOCK32.dll
0x00007ffee2860000 - 0x00007ffee28cb000 	C:\Windows\system32\WS2_32.dll
0x00007ffedfa80000 - 0x00007ffedfaa3000 	C:\Windows\SYSTEM32\WINMM.dll
0x00007ffedf730000 - 0x00007ffedf75c000 	C:\Windows\SYSTEM32\WINMMBASE.dll
0x00007ffee1fd0000 - 0x00007ffee2013000 	C:\Windows\system32\cfgmgr32.dll
0x0000000065590000 - 0x000000006559f000 	C:\Program Files\Java\jdk1.8.0_101\jre\bin\verify.dll
0x0000000065560000 - 0x0000000065589000 	C:\Program Files\Java\jdk1.8.0_101\jre\bin\java.dll
0x0000000065540000 - 0x0000000065556000 	C:\Program Files\Java\jdk1.8.0_101\jre\bin\zip.dll
0x00007ffee30d0000 - 0x00007ffee462c000 	C:\Windows\system32\SHELL32.dll
0x00007ffee1830000 - 0x00007ffee1e75000 	C:\Windows\system32\windows.storage.dll
0x00007ffee4630000 - 0x00007ffee4682000 	C:\Windows\system32\shlwapi.dll
0x00007ffee17a0000 - 0x00007ffee17af000 	C:\Windows\system32\kernel.appcore.dll
0x00007ffee1e80000 - 0x00007ffee1f35000 	C:\Windows\system32\shcore.dll
0x00007ffee17d0000 - 0x00007ffee181b000 	C:\Windows\system32\powrprof.dll
0x00007ffee17b0000 - 0x00007ffee17c4000 	C:\Windows\system32\profapi.dll

VM Arguments:
jvm_args: -Djava.awt.headless=true -Xmx1024M -Dfile.encoding=windows-1252 -Duser.country=US -Duser.language=en -Duser.variant 
java_command: com.android.dx.command.Main --dex --num-threads=4 --output C:\Users\Mike\AndroidStudioProjects\MyApplication2\app\build\intermediates\pre-dexed\debug\com.android.support-support-compat-24.2.1_0410be1f024ffed1fa3a7eee1b07665d9e55cc23.jar C:\Users\Mike\AndroidStudioProjects\MyApplication2\app\build\intermediates\exploded-aar\com.android.support\support-compat\24.2.1\jars\classes.jar
java_class_path (initial): C:\Users\Mike\AppData\Local\Android\sdk\build-tools\24.0.2\lib\dx.jar
Launcher Type: SUN_STANDARD

Environment Variables:
PATH=C:\ProgramData\Oracle\Java\javapath;C:\Windows\system32;C:\Windows;C:\Windows\System32\Wbem;C:\Windows\System32\WindowsPowerShell\v1.0\;C:\Program Files (x86)\NVIDIA Corporation\PhysX\Common;C:\Program Files\Intel\WiFi\bin\;C:\Program Files\Common Files\Intel\WirelessCommon\;C:\Program Files\Git\cmd;C:\Program Files\nodejs\;C:\Windows\system32\config\systemprofile\.dnx\bin;C:\Program Files\Microsoft DNX\Dnvm\;C:\Program Files\Microsoft SQL Server\120\Tools\Binn\;C:\Program Files\Microsoft SQL Server\130\Tools\Binn\;C:\Program Files (x86)\Skype\Phone\;C:\Users\Mike\.dnx\bin;C:\Program Files\Intel\WiFi\bin\;C:\Program Files\Common Files\Intel\WirelessCommon\;C:\Users\Mike\AppData\Roaming\npm;C:\Users\Mike\AppData\Local\.meteor\
USERNAME=Mike
OS=Windows_NT
PROCESSOR_IDENTIFIER=Intel64 Family 6 Model 94 Stepping 3, GenuineIntel



---------------  S Y S T E M  ---------------

OS: Windows 10.0 , 64 bit Build 10586 (10.0.10586.589)

CPU:total 8 (4 cores per cpu, 2 threads per core) family 6 model 94 stepping 3, cmov, cx8, fxsr, mmx, sse, sse2, sse3, ssse3, sse4.1, sse4.2, popcnt, avx, avx2, aes, clmul, erms, rtm, 3dnowpref, lzcnt, ht, tsc, tscinvbit, bmi1, bmi2, adx

Memory: 4k page, physical 8268708k(666228k free), swap 9317284k(5288k free)

vm_info: Java HotSpot(TM) 64-Bit Server VM (25.101-b13) for windows-amd64 JRE (1.8.0_101-b13), built on Jun 22 2016 01:21:29 by "java_re" with MS VC++ 10.0 (VS2010)

time: Thu Sep 22 13:48:20 2016
elapsed time: 4 seconds (0d 0h 0m 4s)

