#
# There is insufficient memory for the Java Runtime Environment to continue.
# Native memory allocation (malloc) failed to allocate 1048576 bytes for AllocateHeap
# Possible reasons:
#   The system is out of physical RAM or swap space
#   In 32 bit mode, the process size limit was hit
# Possible solutions:
#   Reduce memory load on the system
#   Increase physical memory or swap space
#   Check if swap backing store is full
#   Use 64 bit Java on a 64 bit OS
#   Decrease Java heap size (-Xmx/-Xms)
#   Decrease number of Java threads
#   Decrease Java thread stack sizes (-Xss)
#   Set larger code cache with -XX:ReservedCodeCacheSize=
# This output file may be truncated or incomplete.
#
#  Out of Memory Error (memory/allocation.inline.hpp:61), pid=2680, tid=0x00000000000012c4
#
# JRE version:  (8.0_101-b13) (build )
# Java VM: Java HotSpot(TM) 64-Bit Server VM (25.101-b13 mixed mode windows-amd64 compressed oops)
# Failed to write core dump. Minidumps are not enabled by default on client versions of Windows
#

---------------  T H R E A D  ---------------

Current thread (0x00000000028b0800):  JavaThread "Unknown thread" [_thread_in_vm, id=4804, stack(0x0000000002700000,0x0000000002800000)]

Stack: [0x0000000002700000,0x0000000002800000]
[error occurred during error reporting (printing stack bounds), id 0xc0000005]

Native frames: (J=compiled Java code, j=interpreted, Vv=VM code, C=native code)


---------------  P R O C E S S  ---------------

Java Threads: ( => current thread )

Other Threads:

=>0x00000000028b0800 (exited) JavaThread "Unknown thread" [_thread_in_vm, id=4804, stack(0x0000000002700000,0x0000000002800000)]

VM state:not at safepoint (normal execution)

VM Mutex/Monitor currently owned by a thread: None

Heap:
 PSYoungGen      total 38400K, used 665K [0x00000000eab00000, 0x00000000ed580000, 0x0000000100000000)
  eden space 33280K, 2% used [0x00000000eab00000,0x00000000eaba6670,0x00000000ecb80000)
  from space 5120K, 0% used [0x00000000ed080000,0x00000000ed080000,0x00000000ed580000)
  to   space 5120K, 0% used [0x00000000ecb80000,0x00000000ecb80000,0x00000000ed080000)
 ParOldGen       total 87552K, used 0K [0x00000000c0000000, 0x00000000c5580000, 0x00000000eab00000)
  object space 87552K, 0% used [0x00000000c0000000,0x00000000c0000000,0x00000000c5580000)
 Metaspace       used 769K, capacity 4480K, committed 4480K, reserved 1056768K
  class space    used 75K, capacity 384K, committed 384K, reserved 1048576K

Card table byte_map: [0x0000000011d70000,0x0000000011f80000] byte_map_base: 0x0000000011770000

Marking Bits: (ParMarkBitMap*) 0x0000000065e9a6d0
 Begin Bits: [0x00000000128e0000, 0x00000000138e0000)
 End Bits:   [0x00000000138e0000, 0x00000000148e0000)

Polling page: 0x0000000002800000

CodeCache: size=245760Kb used=328Kb max_used=328Kb free=245431Kb
 bounds [0x00000000029b0000, 0x0000000002c20000, 0x00000000119b0000]
 total_blobs=58 nmethods=0 adapters=38
 compilation: enabled

Compilation events (0 events):
No events

GC Heap History (0 events):
No events

Deoptimization events (0 events):
No events

Internal exceptions (0 events):
No events

Events (10 events):
Event: 0.053 loading class java/lang/Short
Event: 0.053 loading class java/lang/Short done
Event: 0.053 loading class java/lang/Integer
Event: 0.053 loading class java/lang/Integer done
Event: 0.053 loading class java/lang/Long
Event: 0.053 loading class java/lang/Long done
Event: 0.054 loading class java/lang/NullPointerException
Event: 0.054 loading class java/lang/NullPointerException done
Event: 0.054 loading class java/lang/ArithmeticException
Event: 0.054 loading class java/lang/ArithmeticException done


Dynamic libraries:
0x00007ff6000c0000 - 0x00007ff6000f7000 	C:\Program Files\Java\jdk1.8.0_101\bin\java.exe
0x00007ffee5180000 - 0x00007ffee5341000 	C:\Windows\SYSTEM32\ntdll.dll
0x00007ffee25f0000 - 0x00007ffee269d000 	C:\Windows\system32\KERNEL32.DLL
0x00007ffee2140000 - 0x00007ffee2328000 	C:\Windows\system32\KERNELBASE.dll
0x00007ffee2e60000 - 0x00007ffee2f07000 	C:\Windows\system32\ADVAPI32.dll
0x00007ffee2f10000 - 0x00007ffee2fad000 	C:\Windows\system32\msvcrt.dll
0x00007ffee4e00000 - 0x00007ffee4e5b000 	C:\Windows\system32\sechost.dll
0x00007ffee2fb0000 - 0x00007ffee30cc000 	C:\Windows\system32\RPCRT4.dll
0x00007ffee2d00000 - 0x00007ffee2e56000 	C:\Windows\system32\USER32.dll
0x00007ffee4fe0000 - 0x00007ffee5166000 	C:\Windows\system32\GDI32.dll
0x00007ffed9f40000 - 0x00007ffeda1b4000 	C:\Windows\WinSxS\amd64_microsoft.windows.common-controls_6595b64144ccf1df_6.0.10586.589_none_a2ddb3caa539acce\COMCTL32.dll
0x00007ffee28d0000 - 0x00007ffee2b4d000 	C:\Windows\system32\combase.dll
0x00007ffee20d0000 - 0x00007ffee213a000 	C:\Windows\system32\bcryptPrimitives.dll
0x00007ffee47f0000 - 0x00007ffee482b000 	C:\Windows\system32\IMM32.DLL
0x00007ffee01d0000 - 0x00007ffee0202000 	C:\Windows\system32\nvinitx.dll
0x00007ffee01c0000 - 0x00007ffee01ca000 	C:\Windows\SYSTEM32\VERSION.dll
0x00000000653b0000 - 0x0000000065482000 	C:\Program Files\Java\jdk1.8.0_101\jre\bin\msvcr100.dll
0x0000000065680000 - 0x0000000065f1a000 	C:\Program Files\Java\jdk1.8.0_101\jre\bin\server\jvm.dll
0x00007ffee26a0000 - 0x00007ffee26a8000 	C:\Windows\system32\PSAPI.DLL
0x00007ffecfa10000 - 0x00007ffecfa19000 	C:\Windows\SYSTEM32\WSOCK32.dll
0x00007ffee2860000 - 0x00007ffee28cb000 	C:\Windows\system32\WS2_32.dll
0x00007ffedfa80000 - 0x00007ffedfaa3000 	C:\Windows\SYSTEM32\WINMM.dll
0x00007ffedf730000 - 0x00007ffedf75c000 	C:\Windows\SYSTEM32\WINMMBASE.dll
0x00007ffee1fd0000 - 0x00007ffee2013000 	C:\Windows\system32\cfgmgr32.dll
0x0000000065590000 - 0x000000006559f000 	C:\Program Files\Java\jdk1.8.0_101\jre\bin\verify.dll
0x0000000065560000 - 0x0000000065589000 	C:\Program Files\Java\jdk1.8.0_101\jre\bin\java.dll
0x0000000065540000 - 0x0000000065556000 	C:\Program Files\Java\jdk1.8.0_101\jre\bin\zip.dll

VM Arguments:
jvm_args: -Djava.awt.headless=true -Xmx1024M -Dfile.encoding=windows-1252 -Duser.country=US -Duser.language=en -Duser.variant 
java_command: com.android.dx.command.Main --dex --num-threads=4 --output C:\Users\Mike\AndroidStudioProjects\MyApplication2\app\build\intermediates\pre-dexed\debug\com.android.support-support-media-compat-24.2.1_00d97b6f34a5a1925f0dfc86f797098a24784b82.jar C:\Users\Mike\AndroidStudioProjects\MyApplication2\app\build\intermediates\exploded-aar\com.android.support\support-media-compat\24.2.1\jars\classes.jar
java_class_path (initial): C:\Users\Mike\AppData\Local\Android\sdk\build-tools\24.0.2\lib\dx.jar
Launcher Type: SUN_STANDARD

Environment Variables:
PATH=C:\ProgramData\Oracle\Java\javapath;C:\Windows\system32;C:\Windows;C:\Windows\System32\Wbem;C:\Windows\System32\WindowsPowerShell\v1.0\;C:\Program Files (x86)\NVIDIA Corporation\PhysX\Common;C:\Program Files\Intel\WiFi\bin\;C:\Program Files\Common Files\Intel\WirelessCommon\;C:\Program Files\Git\cmd;C:\Program Files\nodejs\;C:\Windows\system32\config\systemprofile\.dnx\bin;C:\Program Files\Microsoft DNX\Dnvm\;C:\Program Files\Microsoft SQL Server\120\Tools\Binn\;C:\Program Files\Microsoft SQL Server\130\Tools\Binn\;C:\Program Files (x86)\Skype\Phone\;C:\Users\Mike\.dnx\bin;C:\Program Files\Intel\WiFi\bin\;C:\Program Files\Common Files\Intel\WirelessCommon\;C:\Users\Mike\AppData\Roaming\npm;C:\Users\Mike\AppData\Local\.meteor\
USERNAME=Mike
OS=Windows_NT
PROCESSOR_IDENTIFIER=Intel64 Family 6 Model 94 Stepping 3, GenuineIntel



---------------  S Y S T E M  ---------------

OS: Windows 10.0 , 64 bit Build 10586 (10.0.10586.589)

CPU:total 8 (4 cores per cpu, 2 threads per core) family 6 model 94 stepping 3, cmov, cx8, fxsr, mmx, sse, sse2, sse3, ssse3, sse4.1, sse4.2, popcnt, avx, avx2, aes, clmul, erms, rtm, 3dnowpref, lzcnt, ht, tsc, tscinvbit, bmi1, bmi2, adx

Memory: 4k page, physical 8268708k(998572k free), swap 9317284k(5552k free)

vm_info: Java HotSpot(TM) 64-Bit Server VM (25.101-b13) for windows-amd64 JRE (1.8.0_101-b13), built on Jun 22 2016 01:21:29 by "java_re" with MS VC++ 10.0 (VS2010)

time: Thu Sep 22 13:51:25 2016
elapsed time: 0 seconds (0d 0h 0m 0s)

